SecCoreStartupWithStack(0xFFFCC000, 0x820000)
Register PPI Notify: DCD0BE23-9586-40F4-B643-06522CED4EDE
Install PPI: 8C8CE578-8A3D-4F1C-9935-896185C32DD3
Install PPI: 5473C07A-3DCB-4DCA-BD6F-1E9689E7349A
The 0th FV start address is 0x00000820000, size is 0x000E0000, handle is 0x820000
Register PPI Notify: 49EDB1C1-BF21-4761-BB12-EB0031AABB39
Register PPI Notify: EA7CA24B-DED5-4DAD-A389-BF827E8F9B38
Install PPI: B9E0ABFE-5979-4914-977F-6DEE78C278A6
Install PPI: DBE23AA9-A345-4B97-85B6-B226F1617389
DiscoverPeimsAndOrderWithApriori(): Found 0x7 PEI FFS files in the 0th FV
Loading PEIM 9B3ADA4F-AE56-4C24-8DEA-F03B7558AE50
Loading PEIM at 0x0000082B7C0 EntryPoint=0x0000082E86A PcdPeim.efi
Install PPI: 06E81C58-4AD7-44BC-8390-F10265F72480
Install PPI: 01F34D25-4DE2-23AD-3FF3-36353FF323F1
Install PPI: 4D8B155B-C059-4C8F-8926-06FD4331DB8A
Install PPI: A60C6B59-E459-425D-9C69-0BCC9CB27D81
Register PPI Notify: 605EA650-C65C-42E1-BA80-91A52AB618C6
Loading PEIM A3610442-E69F-4DF3-82CA-2360C4031A23
Loading PEIM at 0x000008300C0 EntryPoint=0x00000831387 ReportStatusCodeRouterPei.efi
Install PPI: 0065D394-9951-4144-82A3-0AFC8579C251
Install PPI: 229832D3-7A30-4B36-B827-F40CB7D45436
Loading PEIM 9D225237-FA01-464C-A949-BAABC02D31D0
Loading PEIM at 0x00000831FC0 EntryPoint=0x000008330C1 StatusCodeHandlerPei.efi
Loading PEIM 222C386D-5ABC-4FB4-B124-FBB82488ACF4
Loading PEIM at 0x00000833D40 EntryPoint=0x0000083916B PlatformPei.efi
Select Item: 0x0
FW CFG Signature: 0x554D4551
Select Item: 0x1
FW CFG Revision: 0x3
QemuFwCfg interface (DMA) is supported.
Platform PEIM Loaded
CMOS:
00: 57 00 41 00 13 00 04 21 07 21 26 02 00 80 00 00
10: 50 00 F0 00 07 80 02 FF FF 2F 00 65 00 10 FF FF
20: C8 65 00 3F 00 00 00 00 00 00 00 00 00 00 00 00
30: FF FF 20 00 00 BF 00 20 30 00 00 00 00 12 00 00
40: 00 00 00 00 00 00 00 00 00 00 00 00 00 00 00 00
50: 00 00 00 00 00 00 00 00 00 00 00 00 40 00 00 00
60: 00 00 00 00 00 00 00 00 00 00 00 00 00 00 00 00
70: 00 00 00 00 00 00 00 00 00 00 00 00 00 00 00 00
Select Item: 0x19
Select Item: 0x28
S3 support was detected on QEMU
Install PPI: 7408D748-FC8C-4EE6-9288-C4BEC092A410
Select Item: 0x19
Select Item: 0x25
Select Item: 0x19
Select Item: 0x19
GetFirstNonAddress: Pci64Base=0x800000000 Pci64Size=0x800000000
Select Item: 0x5
MaxCpuCountInitialization: QEMU v2.7 reset bug: BootCpuCount=1 Present=0
MaxCpuCountInitialization: BootCpuCount=0 mMaxCpuCount=1
PublishPeiMemory: mPhysMemAddressWidth=36 PeiMemoryCap=65800 KB
PeiInstallPeiMemory MemoryBegin 0xBBF36000, MemoryLength 0x4042000
QemuInitializeRam called
Select Item: 0x19
Select Item: 0x25
Reserved variable store memory: 0xBFEF4000; size: 528kb
Platform PEI Firmware Volume Initialization
Install PPI: 49EDB1C1-BF21-4761-BB12-EB0031AABB39
Notify: PPI Guid: 49EDB1C1-BF21-4761-BB12-EB0031AABB39, Peim notify entry point: 825BB3
The 1th FV start address is 0x00000900000, size is 0x00C00000, handle is 0x900000
Select Item: 0x19
Register PPI Notify: EE16160A-E8BE-47A6-820A-C6900DB0250A
Select Item: 0x19
Temp Stack : BaseAddress=0x818000 Length=0x8000
Temp Heap  : BaseAddress=0x810000 Length=0x8000
Total temporary memory:    65536 bytes.
  temporary memory stack ever used:       29560 bytes.
  temporary memory heap used for HobList: 6656 bytes.
  temporary memory heap occupied by memory pages: 0 bytes.
Memory Allocation 0x0000000A 0xBFF78000 - 0xBFFFFFFF
Memory Allocation 0x0000000A 0x810000 - 0x81FFFF
Memory Allocation 0x0000000A 0x807000 - 0x807FFF
Memory Allocation 0x0000000A 0x800000 - 0x805FFF
Memory Allocation 0x0000000A 0x806000 - 0x806FFF
Memory Allocation 0x00000006 0xBFEF4000 - 0xBFF77FFF
Memory Allocation 0x0000000A 0x820000 - 0x8FFFFF
Memory Allocation 0x00000004 0x900000 - 0x14FFFFF
Old Stack size 32768, New stack size 131072
Stack Hob: BaseAddress=0xBBF36000 Length=0x20000
Heap Offset = 0xBB746000 Stack Offset = 0xBB736000
TemporaryRamMigration(0x810000, 0xBBF4E000, 0x10000)
Loading PEIM 52C05B14-0B98-496C-BC3B-04B50211D680
Loading PEIM at 0x000BFEE8000 EntryPoint=0x000BFEEFD0F PeiCore.efi
Reinstall PPI: 8C8CE578-8A3D-4F1C-9935-896185C32DD3
Reinstall PPI: 5473C07A-3DCB-4DCA-BD6F-1E9689E7349A
Reinstall PPI: B9E0ABFE-5979-4914-977F-6DEE78C278A6
Install PPI: F894643D-C449-42D1-8EA8-85BDD8C65BDE
Loading PEIM 86D70125-BAA3-4296-A62F-602BEBBB9081
Loading PEIM at 0x000BFEE3000 EntryPoint=0x000BFEE5EF7 DxeIpl.efi
Install PPI: 1A36E4E7-FAB6-476A-8E75-695A0576FDD7
Install PPI: 0AE8CE5D-E448-4437-A8D7-EBF5F194F731
Loading PEIM 89E549B0-7CFE-449D-9BA3-10D8B2312D71
Loading PEIM at 0x000BFEDF000 EntryPoint=0x000BFEE12E6 S3Resume2Pei.efi
Install PPI: 6D582DBC-DB85-4514-8FCC-5ADF6227B147
Loading PEIM EDADEB9D-DDBA-48BD-9D22-C1C169C8C5C6
Loading PEIM at 0x000BFED3000 EntryPoint=0x000BFEDB200 CpuMpPei.efi
Register PPI Notify: F894643D-C449-42D1-8EA8-85BDD8C65BDE
Notify: PPI Guid: F894643D-C449-42D1-8EA8-85BDD8C65BDE, Peim notify entry point: BFED9889
AP Loop Mode is 1
GetMicrocodePatchInfoFromHob: Microcode patch cache HOB is not found.
CPU[0000]: Microcode revision = 00000000, expected = 00000000
Register PPI Notify: 8F9D4825-797D-48FC-8471-845025792EF6
Does not find any stored CPU BIST information from PPI!
  APICID - 0x00000000, BIST - 0x00000000
Install PPI: 9E9F374B-8F16-4230-9824-5846EE766A97
Install PPI: 5CB9CB3D-31A4-480C-9498-29D269BACFBA
Install PPI: EE16160A-E8BE-47A6-820A-C6900DB0250A
Notify: PPI Guid: EE16160A-E8BE-47A6-820A-C6900DB0250A, Peim notify entry point: 835CD3
PlatformPei: ClearCacheOnMpServicesAvailable
DiscoverPeimsAndOrderWithApriori(): Found 0x0 PEI FFS files in the 1th FV
DXE IPL Entry
Loading PEIM D6A2CB7F-6A18-4E2F-B43B-9920A733700A
Loading PEIM at 0x000BFEA5000 EntryPoint=0x000BFEB0C72 DxeCore.efi
Loading DXE CORE at 0x000BFEA5000 EntryPoint=0x000BFEB0C72
AddressBits=36 5LevelPaging=0 1GPage=0
Pml5=1 Pml4=1 Pdp=64 TotalPage=66
Install PPI: 605EA650-C65C-42E1-BA80-91A52AB618C6
Notify: PPI Guid: 605EA650-C65C-42E1-BA80-91A52AB618C6, Peim notify entry point: 82D79E
CoreInitializeMemoryServices:
  BaseAddress - 0xBBF59000 Length - 0x3CA7000 MinimalMemorySizeNeeded - 0x320000
InstallProtocolInterface: 5B1B31A1-9562-11D2-8E3F-00A0C969723B BFEC7B68
ProtectUefiImageCommon - 0xBFEC7B68
  - 0x00000000BFEA5000 - 0x0000000000025000
DxeMain: MemoryBaseAddress=0xBBF59000 MemoryLength=0x3CA7000
HOBLIST address in DXE = 0xBF8EA018
Memory Allocation 0x0000000A 0xBFF78000 - 0xBFFFFFFF
Memory Allocation 0x0000000A 0x810000 - 0x81FFFF
Memory Allocation 0x0000000A 0x807000 - 0x807FFF
Memory Allocation 0x0000000A 0x800000 - 0x805FFF
Memory Allocation 0x0000000A 0x806000 - 0x806FFF
Memory Allocation 0x00000006 0xBFEF4000 - 0xBFF77FFF
Memory Allocation 0x0000000A 0x820000 - 0x8FFFFF
Memory Allocation 0x00000004 0x900000 - 0x14FFFFF
Memory Allocation 0x00000004 0xBFE85000 - 0xBFEA4FFF
Memory Allocation 0x00000003 0xBFEE8000 - 0xBFEF3FFF
Memory Allocation 0x00000003 0xBFEE3000 - 0xBFEE7FFF
Memory Allocation 0x00000003 0xBFEDF000 - 0xBFEE2FFF
Memory Allocation 0x00000003 0xBFED3000 - 0xBFEDEFFF
Memory Allocation 0x00000004 0xBFECA000 - 0xBFED2FFF
Memory Allocation 0x00000003 0xBFEA5000 - 0xBFEC9FFF
Memory Allocation 0x00000003 0xBFEA5000 - 0xBFEC9FFF
Memory Allocation 0x00000004 0xBFE85000 - 0xBFEA4FFF
Memory Allocation 0x00000004 0xBFC00000 - 0xBFDFFFFF
Memory Allocation 0x00000007 0xBFE00000 - 0xBFE84FFF
Memory Allocation 0x00000004 0xBBF36000 - 0xBBF55FFF
FV Hob            0x900000 - 0x14FFFFF
InstallProtocolInterface: D8117CFE-94A6-11D4-9A3A-0090273FC14D BFEC6D30
InstallProtocolInterface: 8F644FA9-E850-4DB1-9CE2-0B44698E8DA4 BF8E6D30
InstallProtocolInterface: 09576E91-6D3F-11D2-8E39-00A0C969723B BF8E6098
InstallProtocolInterface: 220E73B6-6BDB-4413-8405-B974B108619A BF8E6630
InstallProtocolInterface: EE4E5898-3914-4259-9D6E-DC7BD79403CF BFEC69F0
Loading driver 9B680FCE-AD6B-4F3A-B60B-F59899003443
InstallProtocolInterface: 5B1B31A1-9562-11D2-8E3F-00A0C969723B BF50F2C0
Loading driver at 0x000BF46B000 EntryPoint=0x000BF472D77 DevicePathDxe.efi
InstallProtocolInterface: BC62157E-3E33-4FEC-9920-2D3B36D750DF BF477F98
ProtectUefiImageCommon - 0xBF50F2C0
  - 0x00000000BF46B000 - 0x000000000000B1C0
InstallProtocolInterface: 0379BE4E-D706-437D-B037-EDB82FB772A4 BF475E80
InstallProtocolInterface: 8B843E20-8132-4852-90CC-551A4E4A7F1C BF475E60
InstallProtocolInterface: 05C99A21-C70F-4AD2-8A5F-35DF3343F51E BF475E40
Loading driver 80CF7257-87AB-47F9-A3FE-D50B76D89541
InstallProtocolInterface: 5B1B31A1-9562-11D2-8E3F-00A0C969723B BF477140
Loading driver at 0x000BF478000 EntryPoint=0x000BF47B833 PcdDxe.efi
InstallProtocolInterface: BC62157E-3E33-4FEC-9920-2D3B36D750DF BF477918
ProtectUefiImageCommon - 0xBF477140
  - 0x00000000BF478000 - 0x0000000000005940
InstallProtocolInterface: 11B34006-D85B-4D0A-A290-D5A571310EF7 BF47D600
InstallProtocolInterface: 13A3F0F6-264A-3EF0-F2E0-DEC512342F34 BF47D560
InstallProtocolInterface: 5BE40F57-FA68-4610-BBBF-E9C5FCDAD365 BF47D530
InstallProtocolInterface: FD0F4478-0EFD-461D-BA2D-E58C45FD5F5E BF47D510
Loading driver 2EC9DA37-EE35-4DE9-86C5-6D9A81DC38A7
InstallProtocolInterface: 5B1B31A1-9562-11D2-8E3F-00A0C969723B BF4836C0
Loading driver at 0x000BF468000 EntryPoint=0x000BF4699B7 AmdSevDxe.efi
InstallProtocolInterface: BC62157E-3E33-4FEC-9920-2D3B36D750DF BF47F018
ProtectUefiImageCommon - 0xBF4836C0
  - 0x00000000BF468000 - 0x0000000000002DC0
Error: Image at 000BF468000 start failed: Unsupported
Loading driver 733CBAC2-B23F-4B92-BC8E-FB01CE5907B7
InstallProtocolInterface: 5B1B31A1-9562-11D2-8E3F-00A0C969723B BF4836C0
Loading driver at 0x000BFAE7000 EntryPoint=0x000BFAE9C52 FvbServicesRuntimeDxe.efi
InstallProtocolInterface: BC62157E-3E33-4FEC-9920-2D3B36D750DF BF482B18
ProtectUefiImageCommon - 0xBF4836C0
  - 0x00000000BFAE7000 - 0x0000000000008000
QEMU Flash: Attempting flash detection at FFC00010
QemuFlashDetected => FD behaves as FLASH
QemuFlashDetected => Yes
Installing QEMU flash FVB
InstallProtocolInterface: 8F644FA9-E850-4DB1-9CE2-0B44698E8DA4 BF9EE8B0
InstallProtocolInterface: 09576E91-6D3F-11D2-8E39-00A0C969723B BF482098
Loading driver D93CE3D8-A7EB-4730-8C8E-CC466A9ECC3C
InstallProtocolInterface: 5B1B31A1-9562-11D2-8E3F-00A0C969723B BF482540
Loading driver at 0x000BFAE1000 EntryPoint=0x000BFAE374D ReportStatusCodeRouterRuntimeDxe.efi
InstallProtocolInterface: BC62157E-3E33-4FEC-9920-2D3B36D750DF BF482498
ProtectUefiImageCommon - 0xBF482540
  - 0x00000000BFAE1000 - 0x0000000000006000
InstallProtocolInterface: 86212936-0E76-41C8-A03A-2AF2FC1C39E2 BFAE5060
InstallProtocolInterface: D2B2B828-0826-48A7-B3DF-983C006024F0 BFAE5040
Loading driver B601F8C4-43B7-4784-95B1-F4226CB40CEE
InstallProtocolInterface: 5B1B31A1-9562-11D2-8E3F-00A0C969723B BF47F140
Loading driver at 0x000BFADB000 EntryPoint=0x000BFADD4A8 RuntimeDxe.efi
InstallProtocolInterface: BC62157E-3E33-4FEC-9920-2D3B36D750DF BF47FC98
ProtectUefiImageCommon - 0xBF47F140
  - 0x00000000BFADB000 - 0x0000000000006000
InstallProtocolInterface: B7DFB4E1-052F-449F-87BE-9818FC91B733 BFADF040
Loading driver F80697E9-7FD6-4665-8646-88E33EF71DFC
InstallProtocolInterface: 5B1B31A1-9562-11D2-8E3F-00A0C969723B BF47E040
Loading driver at 0x000BF385000 EntryPoint=0x000BF38BF79 SecurityStubDxe.efi
InstallProtocolInterface: BC62157E-3E33-4FEC-9920-2D3B36D750DF BF47F698
ProtectUefiImageCommon - 0xBF47E040
  - 0x00000000BF385000 - 0x0000000000072500
InstallProtocolInterface: 94AB2F58-1438-4EF1-9152-18941A3A0E68 BF3E0348
InstallProtocolInterface: A46423E3-4617-49F1-B9FF-D1BFA9115839 BF3E0340
InstallProtocolInterface: 15853D7C-3DDF-43E0-A1CB-EBF85B8F872C BF3E0320
Loading driver 13AC6DD0-73D0-11D4-B06B-00AA00BD6DE7
InstallProtocolInterface: 5B1B31A1-9562-11D2-8E3F-00A0C969723B BF47E5C0
Loading driver at 0x000BF45F000 EntryPoint=0x000BF461F70 EbcDxe.efi
InstallProtocolInterface: BC62157E-3E33-4FEC-9920-2D3B36D750DF BF45EF18
ProtectUefiImageCommon - 0xBF47E5C0
  - 0x00000000BF45F000 - 0x0000000000005D40
InstallProtocolInterface: 13AC6DD1-73D0-11D4-B06B-00AA00BD6DE7 BF45ED18
InstallProtocolInterface: 96F46153-97A7-4793-ACC1-FA19BF78EA97 BF464AA0
InstallProtocolInterface: 2755590C-6F3C-42FA-9EA4-A3BA543CDA25 BF45EA98
InstallProtocolInterface: AAEACCFD-F27B-4C17-B610-75CA1F2DFB52 BF45E918
Loading driver 245CB4DA-8E15-4A1B-87E3-9878FFA07520
InstallProtocolInterface: 5B1B31A1-9562-11D2-8E3F-00A0C969723B BF45E1C0
Loading driver at 0x000BF467000 EntryPoint=0x000BF4682D5 Legacy8259.efi
InstallProtocolInterface: BC62157E-3E33-4FEC-9920-2D3B36D750DF BF45EB98
ProtectUefiImageCommon - 0xBF45E1C0
  - 0x00000000BF467000 - 0x0000000000001D40
InstallProtocolInterface: 38321DBA-4FE0-4E17-8AEC-413055EAEDC1 BF468BC0
Loading driver A19B1FE7-C1BC-49F8-875F-54A5D542443F
InstallProtocolInterface: 5B1B31A1-9562-11D2-8E3F-00A0C969723B BF46ACC0
Loading driver at 0x000BF45C000 EntryPoint=0x000BF45D406 CpuIo2Dxe.efi
InstallProtocolInterface: BC62157E-3E33-4FEC-9920-2D3B36D750DF BF46AB98
ProtectUefiImageCommon - 0xBF46ACC0
  - 0x00000000BF45C000 - 0x0000000000001FC0
InstallProtocolInterface: AD61F191-AE5F-4C0E-B9FA-E869D288C64F BF45DE80
Loading driver 1A1E4886-9517-440E-9FDE-3BE44CEE2136
InstallProtocolInterface: 5B1B31A1-9562-11D2-8E3F-00A0C969723B BF46A2C0
Loading driver at 0x000BF43A000 EntryPoint=0x000BF442EB1 CpuDxe.efi
InstallProtocolInterface: BC62157E-3E33-4FEC-9920-2D3B36D750DF BF46A918
ProtectUefiImageCommon - 0xBF46A2C0
  - 0x00000000BF43A000 - 0x00000000000105C0
Paging: added 512 pages to page table pool
CurrentPagingContext:
  MachineType   - 0x8664
  PageTableBase - 0xBFC01000
  Attributes    - 0xC0000002
InstallProtocolInterface: 26BACCB1-6F42-11D4-BCE7-0080C73C8881 BF44A0E0
MemoryProtectionCpuArchProtocolNotify:
ProtectUefiImageCommon - 0xBFEC7B68
  - 0x00000000BFEA5000 - 0x0000000000025000
ProtectUefiImageCommon - 0xBF50F2C0
  - 0x00000000BF46B000 - 0x000000000000B1C0
ProtectUefiImageCommon - 0xBF477140
  - 0x00000000BF478000 - 0x0000000000005940
ProtectUefiImageCommon - 0xBF4836C0
  - 0x00000000BFAE7000 - 0x0000000000008000
SetUefiImageMemoryAttributes - 0x00000000BFAE7000 - 0x0000000000001000 (0x0000000000004000)
SetUefiImageMemoryAttributes - 0x00000000BFAE8000 - 0x0000000000005000 (0x0000000000020000)
SetUefiImageMemoryAttributes - 0x00000000BFAED000 - 0x0000000000002000 (0x0000000000004000)
ProtectUefiImageCommon - 0xBF482540
  - 0x00000000BFAE1000 - 0x0000000000006000
SetUefiImageMemoryAttributes - 0x00000000BFAE1000 - 0x0000000000001000 (0x0000000000004000)
SetUefiImageMemoryAttributes - 0x00000000BFAE2000 - 0x0000000000003000 (0x0000000000020000)
SetUefiImageMemoryAttributes - 0x00000000BFAE5000 - 0x0000000000002000 (0x0000000000004000)
ProtectUefiImageCommon - 0xBF47F140
  - 0x00000000BFADB000 - 0x0000000000006000
SetUefiImageMemoryAttributes - 0x00000000BFADB000 - 0x0000000000001000 (0x0000000000004000)
SetUefiImageMemoryAttributes - 0x00000000BFADC000 - 0x0000000000003000 (0x0000000000020000)
SetUefiImageMemoryAttributes - 0x00000000BFADF000 - 0x0000000000002000 (0x0000000000004000)
ProtectUefiImageCommon - 0xBF47E040
  - 0x00000000BF385000 - 0x0000000000072500
ProtectUefiImageCommon - 0xBF47E5C0
  - 0x00000000BF45F000 - 0x0000000000005D40
ProtectUefiImageCommon - 0xBF45E1C0
  - 0x00000000BF467000 - 0x0000000000001D40
ProtectUefiImageCommon - 0xBF46ACC0
  - 0x00000000BF45C000 - 0x0000000000001FC0
ProtectUefiImageCommon - 0xBF46A2C0
  - 0x00000000BF43A000 - 0x00000000000105C0
ConvertPages: failed to find range A0000 - FFFFF
ConvertPages: failed to find range C0000000 - FBFFFFFF
ConvertPages: failed to find range FEC00000 - FEC00FFF
Failed to update capability: [7] 00000000FED00000 - 00000000FED003FF (C700000000000001 -> C700000000026001)
ConvertPages: failed to find range FEE00000 - FEEFFFFF
ConvertPages: failed to find range FFC00000 - FFFFFFFF
AP Loop Mode is 1
GetMicrocodePatchInfoFromHob: MicrocodeBase = 0x0, MicrocodeSize = 0x0
CPU[0000]: Microcode revision = 00000000, expected = 00000000
Detect CPU count: 1
InstallProtocolInterface: 3FDDA605-A76E-4F46-AD29-12F4531B3D08 BF44A300
Loading driver F6697AC4-A776-4EE1-B643-1FEFF2B615BB
InstallProtocolInterface: 5B1B31A1-9562-11D2-8E3F-00A0C969723B BF454140
Loading driver at 0x000BF44F000 EntryPoint=0x000BF45006E IncompatiblePciDeviceSupportDxe.efi
InstallProtocolInterface: BC62157E-3E33-4FEC-9920-2D3B36D750DF BF469018
ProtectUefiImageCommon - 0xBF454140
  - 0x00000000BF44F000 - 0x0000000000001EC0
InstallProtocolInterface: EB23F55A-7863-4AC2-8D3D-956535DE0375 BF450DD8
Loading driver 11A6EDF6-A9BE-426D-A6CC-B22FE51D9224
InstallProtocolInterface: 5B1B31A1-9562-11D2-8E3F-00A0C969723B BF453140
Loading driver at 0x000BF426000 EntryPoint=0x000BF4292EF PciHotPlugInitDxe.efi
InstallProtocolInterface: BC62157E-3E33-4FEC-9920-2D3B36D750DF BF453498
ProtectUefiImageCommon - 0xBF453140
  - 0x00000000BF426000 - 0x0000000000004AC0
InstallProtocolInterface: AA0E8BC1-DABC-46B0-A844-37B8169B2BEA BF42AA00
Loading driver 4B28E4C7-FF36-4E10-93CF-A82159E777C5
InstallProtocolInterface: 5B1B31A1-9562-11D2-8E3F-00A0C969723B BF452CC0
Loading driver at 0x000BFAD5000 EntryPoint=0x000BFAD7742 ResetSystemRuntimeDxe.efi
InstallProtocolInterface: BC62157E-3E33-4FEC-9920-2D3B36D750DF BF452898
ProtectUefiImageCommon - 0xBF452CC0
  - 0x00000000BFAD5000 - 0x0000000000006000
SetUefiImageMemoryAttributes - 0x00000000BFAD5000 - 0x0000000000001000 (0x0000000000004008)
SetUefiImageMemoryAttributes - 0x00000000BFAD6000 - 0x0000000000003000 (0x0000000000020008)
SetUefiImageMemoryAttributes - 0x00000000BFAD9000 - 0x0000000000002000 (0x0000000000004008)
InstallProtocolInterface: 27CFAC88-46CC-11D4-9A38-0090273FC14D 0
InstallProtocolInterface: 9DA34AE0-EAF9-4BBF-8EC3-FD60226C44BE BFAD9108
InstallProtocolInterface: 695D7835-8D47-4C11-AB22-FA8ACCE7AE7A BFAD90C8
InstallProtocolInterface: 2DF6BA0B-7092-440D-BD04-FB091EC3F3C1 BFAD9088
Loading driver C8339973-A563-4561-B858-D8476F9DEFC4
InstallProtocolInterface: 5B1B31A1-9562-11D2-8E3F-00A0C969723B BF451B40
Loading driver at 0x000BF44B000 EntryPoint=0x000BF44BFE4 Metronome.efi
InstallProtocolInterface: BC62157E-3E33-4FEC-9920-2D3B36D750DF BF451E18
ProtectUefiImageCommon - 0xBF451B40
  - 0x00000000BF44B000 - 0x0000000000001DC0
InstallProtocolInterface: 26BACCB2-6F42-11D4-BCE7-0080C73C8881 BF44CC90
Loading driver 79E4A61C-ED73-4312-94FE-E3E7563362A9
InstallProtocolInterface: 5B1B31A1-9562-11D2-8E3F-00A0C969723B BF451140
Loading driver at 0x000BF423000 EntryPoint=0x000BF42486E PrintDxe.efi
InstallProtocolInterface: BC62157E-3E33-4FEC-9920-2D3B36D750DF BF451698
ProtectUefiImageCommon - 0xBF451140
  - 0x00000000BF423000 - 0x0000000000002800
InstallProtocolInterface: F05976EF-83F1-4F3D-8619-F7595D41E538 BF4256A0
InstallProtocolInterface: 0CC252D2-C106-4661-B5BD-3147A4F81F92 BF425640
Loading driver 348C4D62-BFBD-4882-9ECE-C80BB1C4783B
InstallProtocolInterface: 5B1B31A1-9562-11D2-8E3F-00A0C969723B BF44EBC0
Loading driver at 0x000BEF68000 EntryPoint=0x000BEF6B826 HiiDatabase.efi
InstallProtocolInterface: BC62157E-3E33-4FEC-9920-2D3B36D750DF BF44EA18
ProtectUefiImageCommon - 0xBF44EBC0
  - 0x00000000BEF68000 - 0x000000000001CE40
InstallProtocolInterface: E9CA4775-8657-47FC-97E7-7ED65A084324 BEF84A68
InstallProtocolInterface: 0FD96974-23AA-4CDC-B9CB-98D17750322A BEF84AE0
InstallProtocolInterface: EF9FC172-A1B2-4693-B327-6D32FC416042 BEF84B08
InstallProtocolInterface: 587E72D7-CC50-4F79-8209-CA291FC1A10F BEF84B60
InstallProtocolInterface: 0A8BADD5-03B8-4D19-B128-7B8F0EDAA596 BEF84B90
InstallProtocolInterface: 31A6406A-6BDF-4E46-B2A2-EBAA89C40920 BEF84A88
InstallProtocolInterface: 1A1241E6-8F19-41A9-BC0E-E8EF39E06546 BEF84AB0
Loading driver 96B5C032-DF4C-4B6E-8232-438DCF448D0E
InstallProtocolInterface: 5B1B31A1-9562-11D2-8E3F-00A0C969723B BF44DBC0
Loading driver at 0x000BF420000 EntryPoint=0x000BF421134 NullMemoryTestDxe.efi
InstallProtocolInterface: BC62157E-3E33-4FEC-9920-2D3B36D750DF BF44D098
ProtectUefiImageCommon - 0xBF44DBC0
  - 0x00000000BF420000 - 0x0000000000002040
InstallProtocolInterface: 309DE7F1-7F5E-4ACE-B49C-531BE5AA95EF BF421EA0
Loading driver 9622E42C-8E38-4A08-9E8F-54F784652F6B
InstallProtocolInterface: 5B1B31A1-9562-11D2-8E3F-00A0C969723B BF44D1C0
Loading driver at 0x000BF410000 EntryPoint=0x000BF4140C8 AcpiTableDxe.efi
InstallProtocolInterface: BC62157E-3E33-4FEC-9920-2D3B36D750DF BF44D518
ProtectUefiImageCommon - 0xBF44D1C0
  - 0x00000000BF410000 - 0x0000000000007480
InstallProtocolInterface: FFE06BDD-6107-46A6-7BB2-5A9C7EC5275C BF42FCA0
InstallProtocolInterface: EB97088E-CFDF-49C6-BE4B-D906A5B20E86 BF42FCB0
Loading driver A210F973-229D-4F4D-AA37-9895E6C9EABA
InstallProtocolInterface: 5B1B31A1-9562-11D2-8E3F-00A0C969723B BF42F1C0
Loading driver at 0x000BF42B000 EntryPoint=0x000BF42C214 DpcDxe.efi
InstallProtocolInterface: BC62157E-3E33-4FEC-9920-2D3B36D750DF BF42FB98
ProtectUefiImageCommon - 0xBF42F1C0
  - 0x00000000BF42B000 - 0x0000000000001FC0
InstallProtocolInterface: 480F8AE9-0C46-4AA9-BC89-DB9FBA619806 BF42CC90
Loading driver 8657015B-EA43-440D-949A-AF3BE365C0FC
InstallProtocolInterface: 5B1B31A1-9562-11D2-8E3F-00A0C969723B BF42E040
Loading driver at 0x000BF418000 EntryPoint=0x000BF41A4CB IoMmuDxe.efi
InstallProtocolInterface: BC62157E-3E33-4FEC-9920-2D3B36D750DF BF42F698
ProtectUefiImageCommon - 0xBF42E040
  - 0x00000000BF418000 - 0x0000000000003A40
InstallProtocolInterface: F8775D50-8ABD-4ADF-92AC-853E51F6C8DC 0
Loading driver 22DC2B60-FE40-42AC-B01F-3AB1FAD9AAD8
InstallProtocolInterface: 5B1B31A1-9562-11D2-8E3F-00A0C969723B BF42E9C0
Loading driver at 0x000BFACF000 EntryPoint=0x000BFAD13C2 EmuVariableFvbRuntimeDxe.efi
InstallProtocolInterface: BC62157E-3E33-4FEC-9920-2D3B36D750DF BF42E818
ProtectUefiImageCommon - 0xBF42E9C0
  - 0x00000000BFACF000 - 0x0000000000006000
SetUefiImageMemoryAttributes - 0x00000000BFACF000 - 0x0000000000001000 (0x0000000000004008)
SetUefiImageMemoryAttributes - 0x00000000BFAD0000 - 0x0000000000003000 (0x0000000000020008)
SetUefiImageMemoryAttributes - 0x00000000BFAD3000 - 0x0000000000002000 (0x0000000000004008)
EMU Variable FVB Started
Disabling EMU Variable FVB since flash variables appear to be supported.
Error: Image at 000BFACF000 start failed: Aborted
SetUefiImageMemoryAttributes - 0x00000000BFACF000 - 0x0000000000006000 (0x0000000000000008)
Loading driver CBD2E4D5-7068-4FF5-B462-9822B4AD8D60
InstallProtocolInterface: 5B1B31A1-9562-11D2-8E3F-00A0C969723B BF42E9C0
Loading driver at 0x000BFA58000 EntryPoint=0x000BFA5FF97 VariableRuntimeDxe.efi
InstallProtocolInterface: BC62157E-3E33-4FEC-9920-2D3B36D750DF BF42E898
ProtectUefiImageCommon - 0xBF42E9C0
  - 0x00000000BFA58000 - 0x000000000007D000
SetUefiImageMemoryAttributes - 0x00000000BFA58000 - 0x0000000000001000 (0x0000000000004008)
SetUefiImageMemoryAttributes - 0x00000000BFA59000 - 0x0000000000061000 (0x0000000000020008)
SetUefiImageMemoryAttributes - 0x00000000BFABA000 - 0x000000000001B000 (0x0000000000004008)
VarCheckLibRegisterSetVariableCheckHandler - 0xBFA5FB6E Success
Variable driver common space: 0x3FF9C 0x3FF9C 0x3FF9C
Variable driver will work with auth variable format!
InstallProtocolInterface: CD3D0A05-9E24-437C-A891-1EE053DB7638 BFABACB0
InstallProtocolInterface: AF23B340-97B4-4685-8D4F-A3F28169B21D BFABAC80
InstallProtocolInterface: 1E5668E2-8481-11D4-BCF1-0080C73C8881 0
VarCheckLibRegisterSetVariableCheckHandler - 0xBFA5A049 Success
InstallProtocolInterface: 81D1675C-86F6-48DF-BD95-9A6E4F0925C3 BFABAC00
Loading driver 6C2004EF-4E0E-4BE4-B14C-340EB4AA5891
InstallProtocolInterface: 5B1B31A1-9562-11D2-8E3F-00A0C969723B BF42D240
Loading driver at 0x000BFA54000 EntryPoint=0x000BFA55F48 StatusCodeHandlerRuntimeDxe.efi
InstallProtocolInterface: BC62157E-3E33-4FEC-9920-2D3B36D750DF BF42D798
ProtectUefiImageCommon - 0xBF42D240
  - 0x00000000BFA54000 - 0x0000000000004000
SetUefiImageMemoryAttributes - 0x00000000BFA54000 - 0x0000000000001000 (0x0000000000004008)
SetUefiImageMemoryAttributes - 0x00000000BFA55000 - 0x0000000000002000 (0x0000000000020008)
SetUefiImageMemoryAttributes - 0x00000000BFA57000 - 0x0000000000001000 (0x0000000000004008)
Loading driver C190FE35-44AA-41A1-8AEA-4947BC60E09D
InstallProtocolInterface: 5B1B31A1-9562-11D2-8E3F-00A0C969723B BF41FD40
Loading driver at 0x000BF40E000 EntryPoint=0x000BF40F058 Timer.efi
InstallProtocolInterface: BC62157E-3E33-4FEC-9920-2D3B36D750DF BF41FB18
ProtectUefiImageCommon - 0xBF41FD40
  - 0x00000000BF40E000 - 0x0000000000001D40
InstallProtocolInterface: 26BACCB3-6F42-11D4-BCE7-0080C73C8881 BF40FBC0
Loading driver 128FB770-5E79-4176-9E51-9BB268A17DD1
InstallProtocolInterface: 5B1B31A1-9562-11D2-8E3F-00A0C969723B BF41F2C0
Loading driver at 0x000BF3FC000 EntryPoint=0x000BF400D61 PciHostBridgeDxe.efi
InstallProtocolInterface: BC62157E-3E33-4FEC-9920-2D3B36D750DF BF41F618
ProtectUefiImageCommon - 0xBF41F2C0
  - 0x00000000BF3FC000 - 0x0000000000008E00
Select Item: 0x0
FW CFG Signature: 0x554D4551
Select Item: 0x1
FW CFG Revision: 0x3
QemuFwCfg interface (DMA) is supported.
Select Item: 0x19
PciHostBridgeUtilityInitRootBridge: populated root bus 0, with room for 255 subordinate bus(es)
RootBridge: PciRoot(0x0)
  Support/Attr: 70069 / 70069
    DmaAbove4G: No
NoExtConfSpace: Yes
     AllocAttr: 3 (CombineMemPMem Mem64Decode)
           Bus: 0 - FF Translation=0
            Io: C000 - FFFF Translation=0
           Mem: C0000000 - FBFFFFFF Translation=0
    MemAbove4G: 800000000 - FFFFFFFFF Translation=0
          PMem: FFFFFFFFFFFFFFFF - 0 Translation=0
   PMemAbove4G: FFFFFFFFFFFFFFFF - 0 Translation=0
InstallProtocolInterface: CF8034BE-6768-4D8B-B739-7CCE683A9FBE BF41ED40
InstallProtocolInterface: 09576E91-6D3F-11D2-8E39-00A0C969723B BF41EE18
InstallProtocolInterface: 2F707EBB-4A1A-11D4-9A38-0090273FC14D BF41E370
Loading driver EBF342FE-B1D3-4EF8-957C-8048606FF671
InstallProtocolInterface: 5B1B31A1-9562-11D2-8E3F-00A0C969723B BF41D040
Loading driver at 0x000BEEAC000 EntryPoint=0x000BEEAE76B SetupBrowser.efi
InstallProtocolInterface: BC62157E-3E33-4FEC-9920-2D3B36D750DF BF41DF18
ProtectUefiImageCommon - 0xBF41D040
  - 0x00000000BEEAC000 - 0x0000000000018680
InstallProtocolInterface: B9D4C360-BCFB-4F9B-9298-53C136982258 BEEC41F0
InstallProtocolInterface: A770C357-B693-4E6D-A6CF-D21C728E550B BEEC4220
InstallProtocolInterface: 1F73B18D-4630-43C1-A1DE-6F80855D7DA4 BEEC4200
Loading driver F9D88642-0737-49BC-81B5-6889CD57D9EA
InstallProtocolInterface: 5B1B31A1-9562-11D2-8E3F-00A0C969723B BF41C040
Loading driver at 0x000BEED8000 EntryPoint=0x000BEEDB2F4 SmbiosDxe.efi
InstallProtocolInterface: BC62157E-3E33-4FEC-9920-2D3B36D750DF BF41D618
ProtectUefiImageCommon - 0xBF41C040
  - 0x00000000BEED8000 - 0x00000000000057C0
Select Item: 0x0
FW CFG Signature: 0x554D4551
Select Item: 0x1
FW CFG Revision: 0x3
QemuFwCfg interface (DMA) is supported.
Select Item: 0x19
Select Item: 0x19
Select Item: 0x26
DetectSmbiosVersion: SMBIOS version from QEMU: 0x0208
InstallProtocolInterface: 03583FF6-CB36-4940-947E-B9B39F4AFAF7 BEEDD650
Loading driver 17985E6F-E778-4D94-AEFA-C5DD2B77E186
InstallProtocolInterface: 5B1B31A1-9562-11D2-8E3F-00A0C969723B BF41C9C0
Loading driver at 0x000BEED1000 EntryPoint=0x000BEED4FFD QemuFwCfgAcpiPlatform.efi
InstallProtocolInterface: BC62157E-3E33-4FEC-9920-2D3B36D750DF BF41C918
ProtectUefiImageCommon - 0xBF41C9C0
  - 0x00000000BEED1000 - 0x00000000000061C0
Select Item: 0x0
FW CFG Signature: 0x554D4551
Select Item: 0x1
FW CFG Revision: 0x3
QemuFwCfg interface (DMA) is supported.
AcpiPlatformEntryPoint: waiting for root bridges to be connected, registered callback
Loading driver BDCE85BB-FBAA-4F4E-9264-501A2C249581
InstallProtocolInterface: 5B1B31A1-9562-11D2-8E3F-00A0C969723B BF406040
Loading driver at 0x000BEECA000 EntryPoint=0x000BEECE171 S3SaveStateDxe.efi
InstallProtocolInterface: BC62157E-3E33-4FEC-9920-2D3B36D750DF BF41C698
ProtectUefiImageCommon - 0xBF406040
  - 0x00000000BEECA000 - 0x0000000000006640
Select Item: 0x0
FW CFG Signature: 0x554D4551
Select Item: 0x1
FW CFG Revision: 0x3
QemuFwCfg interface (DMA) is supported.
Select Item: 0x19
Select Item: 0x28
InstallProtocolInterface: BD445D79-B7AD-4F04-9AD8-29BD2040EB3C 0
InstallProtocolInterface: E857CAF6-C046-45DC-BE3F-EE0765FBA887 BEED03A0
Loading driver A487A478-51EF-48AA-8794-7BEE2A0562F1
InstallProtocolInterface: 5B1B31A1-9562-11D2-8E3F-00A0C969723B BF4063C0
Loading driver at 0x000BEE96000 EntryPoint=0x000BEE9C5F0 tftpDynamicCommand.efi
InstallProtocolInterface: BC62157E-3E33-4FEC-9920-2D3B36D750DF BF406718
InstallProtocolInterface: 6A1EE763-D47A-43B4-AABE-EF1DE2AB56FC BEE9E870
ProtectUefiImageCommon - 0xBF4063C0
  - 0x00000000BEE96000 - 0x000000000000A3C0
InstallProtocolInterface: 3C7200E9-005F-4EA4-87DE-A3DFAC8A27C3 BEE9E480
Loading driver 19618BCE-55AE-09C6-37E9-4CE04084C7A1
InstallProtocolInterface: 5B1B31A1-9562-11D2-8E3F-00A0C969723B BF40D7C0
Loading driver at 0x000BEE7C000 EntryPoint=0x000BEE83D6B httpDynamicCommand.efi
InstallProtocolInterface: BC62157E-3E33-4FEC-9920-2D3B36D750DF BF40D598
InstallProtocolInterface: 6A1EE763-D47A-43B4-AABE-EF1DE2AB56FC BEE86630
ProtectUefiImageCommon - 0xBF40D7C0
  - 0x00000000BEE7C000 - 0x000000000000C8C0
InstallProtocolInterface: 3C7200E9-005F-4EA4-87DE-A3DFAC8A27C3 BEE86180
Loading driver 2F30DA26-F51B-4B6F-85C4-31873C281BCA
InstallProtocolInterface: 5B1B31A1-9562-11D2-8E3F-00A0C969723B BF40AC40
Loading driver at 0x000BEE8E000 EntryPoint=0x000BEE92F59 LinuxInitrdDynamicShellCommand.efi
InstallProtocolInterface: BC62157E-3E33-4FEC-9920-2D3B36D750DF BF40AA98
InstallProtocolInterface: 6A1EE763-D47A-43B4-AABE-EF1DE2AB56FC BEE94E70
ProtectUefiImageCommon - 0xBF40AC40
  - 0x00000000BEE8E000 - 0x0000000000007980
InstallProtocolInterface: 3C7200E9-005F-4EA4-87DE-A3DFAC8A27C3 BEE94B50
Loading driver F74D20EE-37E7-48FC-97F7-9B1047749C69
InstallProtocolInterface: 5B1B31A1-9562-11D2-8E3F-00A0C969723B BF40A3C0
Loading driver at 0x000BEEA7000 EntryPoint=0x000BEEA7EEF LogoDxe.efi
InstallProtocolInterface: BC62157E-3E33-4FEC-9920-2D3B36D750DF BF405A98
InstallProtocolInterface: 6A1EE763-D47A-43B4-AABE-EF1DE2AB56FC BEEA8A70
ProtectUefiImageCommon - 0xBF40A3C0
  - 0x00000000BEEA7000 - 0x00000000000049C0
InstallProtocolInterface: 53CD299F-2BC1-40C0-8C07-23F64FDB30E0 BEEA8900
Loading driver DCE1B094-7DC6-45D0-9FDD-D7FC3CC3E4EF
InstallProtocolInterface: 5B1B31A1-9562-11D2-8E3F-00A0C969723B BF3FB4C0
Loading driver at 0x000BEEA2000 EntryPoint=0x000BEEA4671 QemuRamfbDxe.efi
InstallProtocolInterface: BC62157E-3E33-4FEC-9920-2D3B36D750DF BF3FB718
ProtectUefiImageCommon - 0xBF3FB4C0
  - 0x00000000BEEA2000 - 0x00000000000044C0
Select Item: 0x0
FW CFG Signature: 0x554D4551
Select Item: 0x1
FW CFG Revision: 0x3
QemuFwCfg interface (DMA) is supported.
Select Item: 0x19
Error: Image at 000BEEA2000 start failed: Not Found
Loading driver FE5CEA76-4F72-49E8-986F-2CD899DFFE5D
InstallProtocolInterface: 5B1B31A1-9562-11D2-8E3F-00A0C969723B BF3FB4C0
Loading driver at 0x000BEE76000 EntryPoint=0x000BEE79B2F FaultTolerantWriteDxe.efi
InstallProtocolInterface: BC62157E-3E33-4FEC-9920-2D3B36D750DF BF3FBA18
ProtectUefiImageCommon - 0xBF3FB4C0
  - 0x00000000BEE76000 - 0x0000000000005400
Ftw: FtwWorkSpaceLba - 0x41, WorkBlockSize  - 0x1000, FtwWorkSpaceBase - 0x0
Ftw: FtwSpareLba     - 0x42, SpareBlockSize - 0x1000
Ftw: NumberOfWorkBlock - 0x1, FtwWorkBlockLba - 0x41
Ftw: WorkSpaceLbaInSpare - 0x0, WorkSpaceBaseInSpare - 0x0
Ftw: Remaining work space size - FE0
InstallProtocolInterface: 3EBD9E82-2C78-4DE6-9786-8D4BFCB7C881 BEEC7028
Variable PK does not exist.
Variable SetupMode is 1
Variable SecureBoot is 0
Variable SecureBootEnable is 0
Variable CustomMode is 0
Variable VendorKeys is 1
Variable driver will work with auth variable support!
InstallProtocolInterface: 6441F818-6362-4E44-B570-7DBA31DD2453 0
Loading driver 378D7B65-8DA9-4773-B6E4-A47826A833E1
InstallProtocolInterface: 5B1B31A1-9562-11D2-8E3F-00A0C969723B BEEC9CC0
Loading driver at 0x000BFA4E000 EntryPoint=0x000BFA51044 PcRtc.efi
InstallProtocolInterface: BC62157E-3E33-4FEC-9920-2D3B36D750DF BEEC9198
ProtectUefiImageCommon - 0xBEEC9CC0
  - 0x00000000BFA4E000 - 0x0000000000006000
SetUefiImageMemoryAttributes - 0x00000000BFA4E000 - 0x0000000000001000 (0x0000000000004008)
SetUefiImageMemoryAttributes - 0x00000000BFA4F000 - 0x0000000000004000 (0x0000000000020008)
SetUefiImageMemoryAttributes - 0x00000000BFA53000 - 0x0000000000001000 (0x0000000000004008)
InstallProtocolInterface: 27CFAC87-46CC-11D4-9A38-0090273FC14D 0
Loading driver F0E6A44F-7195-41C3-AC64-54F202CD0A21
InstallProtocolInterface: 5B1B31A1-9562-11D2-8E3F-00A0C969723B BEEC6040
Loading driver at 0x000BEB9E000 EntryPoint=0x000BEBA5C21 SecureBootConfigDxe.efi
InstallProtocolInterface: BC62157E-3E33-4FEC-9920-2D3B36D750DF BEEC9618
ProtectUefiImageCommon - 0xBEEC6040
  - 0x00000000BEB9E000 - 0x0000000000061300
InstallProtocolInterface: 09576E91-6D3F-11D2-8E39-00A0C969723B BEEC6E18
InstallProtocolInterface: 330D4706-F2A0-4E4F-A369-B66FA8D54385 BEBEAF38
InstallProtocolInterface: 09576E91-6D3F-11D2-8E39-00A0C969723B BEBEADE0
InstallProtocolInterface: 330D4706-F2A0-4E4F-A369-B66FA8D54385 BEEA6F20
InstallProtocolInterface: F0E6A44F-7195-41C3-AC64-54F202CD0A21 BEEA6F18
Loading driver F099D67F-71AE-4C36-B2A3-DCEB0EB2B7D8
InstallProtocolInterface: 5B1B31A1-9562-11D2-8E3F-00A0C969723B BEEA4040
Loading driver at 0x000BEE8A000 EntryPoint=0x000BEE8AFBE WatchdogTimer.efi
InstallProtocolInterface: BC62157E-3E33-4FEC-9920-2D3B36D750DF BEEA4F18
ProtectUefiImageCommon - 0xBEEA4040
  - 0x00000000BEE8A000 - 0x0000000000001DC0
InstallProtocolInterface: 665E3FF5-46CC-11D4-9A38-0090273FC14D BEE8BC30
Loading driver AD608272-D07F-4964-801E-7BD3B7888652
InstallProtocolInterface: 5B1B31A1-9562-11D2-8E3F-00A0C969723B BEEA4440
Loading driver at 0x000BFA4A000 EntryPoint=0x000BFA4BD8F MonotonicCounterRuntimeDxe.efi
InstallProtocolInterface: BC62157E-3E33-4FEC-9920-2D3B36D750DF BEEA4718
ProtectUefiImageCommon - 0xBEEA4440
  - 0x00000000BFA4A000 - 0x0000000000004000
SetUefiImageMemoryAttributes - 0x00000000BFA4A000 - 0x0000000000001000 (0x0000000000004008)
SetUefiImageMemoryAttributes - 0x00000000BFA4B000 - 0x0000000000002000 (0x0000000000020008)
SetUefiImageMemoryAttributes - 0x00000000BFA4D000 - 0x0000000000001000 (0x0000000000004008)
InstallProtocolInterface: 1DA97072-BDDC-4B30-99F1-72A0B56FFF2A 0
Loading driver 42857F0A-13F2-4B21-8A23-53D3F714B840
InstallProtocolInterface: 5B1B31A1-9562-11D2-8E3F-00A0C969723B BEEA11C0
Loading driver at 0x000BFA46000 EntryPoint=0x000BFA47FE8 CapsuleRuntimeDxe.efi
InstallProtocolInterface: BC62157E-3E33-4FEC-9920-2D3B36D750DF BEEA1118
ProtectUefiImageCommon - 0xBEEA11C0
  - 0x00000000BFA46000 - 0x0000000000004000
SetUefiImageMemoryAttributes - 0x00000000BFA46000 - 0x0000000000001000 (0x0000000000004008)
SetUefiImageMemoryAttributes - 0x00000000BFA47000 - 0x0000000000002000 (0x0000000000020008)
SetUefiImageMemoryAttributes - 0x00000000BFA49000 - 0x0000000000001000 (0x0000000000004008)
InstallProtocolInterface: 5053697E-2CBC-4819-90D9-0580DEEE5754 0
Loading driver EBF8ED7C-0DD1-4787-84F1-F48D537DCACF
InstallProtocolInterface: 5B1B31A1-9562-11D2-8E3F-00A0C969723B BEE8D040
Loading driver at 0x000BEE6A000 EntryPoint=0x000BEE6DAC2 DriverHealthManagerDxe.efi
InstallProtocolInterface: BC62157E-3E33-4FEC-9920-2D3B36D750DF BEE8DD18
ProtectUefiImageCommon - 0xBEE8D040
  - 0x00000000BEE6A000 - 0x0000000000005C00
InstallProtocolInterface: 09576E91-6D3F-11D2-8E39-00A0C969723B BEE6F9E0
InstallProtocolInterface: 330D4706-F2A0-4E4F-A369-B66FA8D54385 BEE6F9B0
Loading driver 6D33944A-EC75-4855-A54D-809C75241F6C
InstallProtocolInterface: 5B1B31A1-9562-11D2-8E3F-00A0C969723B BEE8C5C0
Loading driver at 0x000BEE34000 EntryPoint=0x000BEE3B7BC BdsDxe.efi
InstallProtocolInterface: BC62157E-3E33-4FEC-9920-2D3B36D750DF BEE8C898
ProtectUefiImageCommon - 0xBEE8C5C0
  - 0x00000000BEE34000 - 0x000000000001A780
Select Item: 0x0
FW CFG Signature: 0x554D4551
Select Item: 0x1
FW CFG Revision: 0x3
QemuFwCfg interface (DMA) is supported.
InstallProtocolInterface: 665E3FF6-46CC-11D4-9A38-0090273FC14D BEE4DF10
Loading driver 28A03FF4-12B3-4305-A417-BB1A4F94081E
InstallProtocolInterface: 5B1B31A1-9562-11D2-8E3F-00A0C969723B BEE89040
Loading driver at 0x000BEE54000 EntryPoint=0x000BEE5AA22 RamDiskDxe.efi
InstallProtocolInterface: BC62157E-3E33-4FEC-9920-2D3B36D750DF BEE8D698
ProtectUefiImageCommon - 0xBEE89040
  - 0x00000000BEE54000 - 0x000000000000A600
InstallProtocolInterface: 09576E91-6D3F-11D2-8E39-00A0C969723B BEE89298
InstallProtocolInterface: 330D4706-F2A0-4E4F-A369-B66FA8D54385 BEE5E378
InstallProtocolInterface: 09576E91-6D3F-11D2-8E39-00A0C969723B BEE5E260
InstallProtocolInterface: 330D4706-F2A0-4E4F-A369-B66FA8D54385 BEE75D30
InstallProtocolInterface: AB38A0DF-6873-44A9-87E6-D4EB56148449 BEE5E2B0
InstallProtocolInterface: 28A03FF4-12B3-4305-A417-BB1A4F94081E BEE75D18
Loading driver E660EA85-058E-4B55-A54B-F02F83A24707
InstallProtocolInterface: 5B1B31A1-9562-11D2-8E3F-00A0C969723B BEE750C0
Loading driver at 0x000BEE0C000 EntryPoint=0x000BEE12339 DisplayEngine.efi
InstallProtocolInterface: BC62157E-3E33-4FEC-9920-2D3B36D750DF BEE75618
ProtectUefiImageCommon - 0xBEE750C0
  - 0x00000000BEE0C000 - 0x0000000000013300
InstallProtocolInterface: 9BBE29E9-FDA1-41EC-AD52-452213742D2E BEE1D790
InstallProtocolInterface: 4311EDC0-6054-46D4-9E40-893EA952FCCC BEE1D7A8
Loading driver 4110465D-5FF3-4F4B-B580-24ED0D06747A
InstallProtocolInterface: 5B1B31A1-9562-11D2-8E3F-00A0C969723B BEE68B40
Loading driver at 0x000BEE61000 EntryPoint=0x000BEE625CB SmbiosPlatformDxe.efi
InstallProtocolInterface: BC62157E-3E33-4FEC-9920-2D3B36D750DF BEE68E98
ProtectUefiImageCommon - 0xBEE68B40
  - 0x00000000BEE61000 - 0x0000000000002A00
Select Item: 0x0
FW CFG Signature: 0x554D4551
Select Item: 0x1
FW CFG Revision: 0x3
QemuFwCfg interface (DMA) is supported.
Select Item: 0x19
Select Item: 0x27
SmbiosAdd: Smbios type 1 with size 0x51 is added to 32-bit table
SmbiosCreateTable: Initialize 32-bit entry point structure
SmbiosCreateTable() re-allocate SMBIOS 32-bit table
SmbiosAdd: Smbios type 3 with size 0x2A is added to 32-bit table
SmbiosAdd: Smbios type 4 with size 0x44 is added to 32-bit table
SmbiosAdd: Smbios type 16 with size 0x19 is added to 32-bit table
SmbiosAdd: Smbios type 17 with size 0x35 is added to 32-bit table
SmbiosAdd: Smbios type 19 with size 0x21 is added to 32-bit table
SmbiosAdd: Smbios type 19 with size 0x21 is added to 32-bit table
SmbiosAdd: Smbios type 32 with size 0xD is added to 32-bit table
SmbiosAdd: Smbios type 0 with size 0x4A is added to 32-bit table
Loading driver FA20568B-548B-4B2B-81EF-1BA08D4A3CEC
InstallProtocolInterface: 5B1B31A1-9562-11D2-8E3F-00A0C969723B BEE688C0
Loading driver at 0x000BEB8E000 EntryPoint=0x000BEB9756E BootScriptExecutorDxe.efi
InstallProtocolInterface: BC62157E-3E33-4FEC-9920-2D3B36D750DF BEE66918
ProtectUefiImageCommon - 0xBEE688C0
  - 0x00000000BEB8E000 - 0x000000000000F180
Select Item: 0x0
FW CFG Signature: 0x554D4551
Select Item: 0x1
FW CFG Revision: 0x3
QemuFwCfg interface (DMA) is supported.
Select Item: 0x19
Select Item: 0x28
Loading driver D9DCC5DF-4007-435E-9098-8970935504B2
InstallProtocolInterface: 5B1B31A1-9562-11D2-8E3F-00A0C969723B BEE663C0
Loading driver at 0x000BEE2F000 EntryPoint=0x000BEE316D7 PlatformDxe.efi
InstallProtocolInterface: BC62157E-3E33-4FEC-9920-2D3B36D750DF BEE65F98
ProtectUefiImageCommon - 0xBEE663C0
  - 0x00000000BEE2F000 - 0x00000000000044C0
InstallProtocolInterface: 09576E91-6D3F-11D2-8E39-00A0C969723B BEE33340
InstallProtocolInterface: 330D4706-F2A0-4E4F-A369-B66FA8D54385 BEE33410
Loading driver 93B80004-9FB3-11D4-9A3A-0090273FC14D
InstallProtocolInterface: 5B1B31A1-9562-11D2-8E3F-00A0C969723B BEE650C0
Loading driver at 0x000BEB7F000 EntryPoint=0x000BEB81A70 PciBusDxe.efi
InstallProtocolInterface: BC62157E-3E33-4FEC-9920-2D3B36D750DF BEE64C18
ProtectUefiImageCommon - 0xBEE650C0
  - 0x00000000BEB7F000 - 0x000000000000ED40
InstallProtocolInterface: 18A031AB-B443-4D1A-A5C0-0C09261E9F71 BEB8DA20
InstallProtocolInterface: 107A772C-D5E1-11D4-9A46-0090273FC14D BEB8D9F0
InstallProtocolInterface: 6A7A5CFF-E8D9-4F70-BADA-75AB3025CE14 BEB8D9D0
InstallProtocolInterface: 19CB87AB-2CB9-4665-8360-DDCF6054F79D BEB8D9B0
Loading driver 83DD3B39-7CAF-4FAC-A542-E050B767E3A7
InstallProtocolInterface: 5B1B31A1-9562-11D2-8E3F-00A0C969723B BEE64540
Loading driver at 0x000BEE2C000 EntryPoint=0x000BEE2DC65 VirtioPciDeviceDxe.efi
InstallProtocolInterface: BC62157E-3E33-4FEC-9920-2D3B36D750DF BEE64818
ProtectUefiImageCommon - 0xBEE64540
  - 0x00000000BEE2C000 - 0x0000000000002EC0
InstallProtocolInterface: 18A031AB-B443-4D1A-A5C0-0C09261E9F71 BEE2ED60
InstallProtocolInterface: 107A772C-D5E1-11D4-9A46-0090273FC14D BEE2ED40
InstallProtocolInterface: 6A7A5CFF-E8D9-4F70-BADA-75AB3025CE14 BEE2ED20
Loading driver 0170F60C-1D40-4651-956D-F0BD9879D527
InstallProtocolInterface: 5B1B31A1-9562-11D2-8E3F-00A0C969723B BEE600C0
Loading driver at 0x000BEE27000 EntryPoint=0x000BEE2A346 Virtio10.efi
InstallProtocolInterface: BC62157E-3E33-4FEC-9920-2D3B36D750DF BEE60B18
ProtectUefiImageCommon - 0xBEE600C0
  - 0x00000000BEE27000 - 0x0000000000004A00
InstallProtocolInterface: 18A031AB-B443-4D1A-A5C0-0C09261E9F71 BEE2B8A0
InstallProtocolInterface: 107A772C-D5E1-11D4-9A46-0090273FC14D BEE2B880
InstallProtocolInterface: 6A7A5CFF-E8D9-4F70-BADA-75AB3025CE14 BEE2B860
Loading driver 11D92DFB-3CA9-4F93-BA2E-4780ED3E03B5
InstallProtocolInterface: 5B1B31A1-9562-11D2-8E3F-00A0C969723B BEE60440
Loading driver at 0x000BEE23000 EntryPoint=0x000BEE25230 VirtioBlkDxe.efi
InstallProtocolInterface: BC62157E-3E33-4FEC-9920-2D3B36D750DF BEE5FF18
ProtectUefiImageCommon - 0xBEE60440
  - 0x00000000BEE23000 - 0x0000000000003440
InstallProtocolInterface: 18A031AB-B443-4D1A-A5C0-0C09261E9F71 BEE26300
InstallProtocolInterface: 107A772C-D5E1-11D4-9A46-0090273FC14D BEE262E0
InstallProtocolInterface: 6A7A5CFF-E8D9-4F70-BADA-75AB3025CE14 BEE262C0
Loading driver FAB5D4F4-83C0-4AAF-8480-442D11DF6CEA
InstallProtocolInterface: 5B1B31A1-9562-11D2-8E3F-00A0C969723B BEE5F0C0
Loading driver at 0x000BEE08000 EntryPoint=0x000BEE0A752 VirtioScsiDxe.efi
InstallProtocolInterface: BC62157E-3E33-4FEC-9920-2D3B36D750DF BEE5FA98
ProtectUefiImageCommon - 0xBEE5F0C0
  - 0x00000000BEE08000 - 0x0000000000003900
InstallProtocolInterface: 18A031AB-B443-4D1A-A5C0-0C09261E9F71 BEE0B7C0
InstallProtocolInterface: 107A772C-D5E1-11D4-9A46-0090273FC14D BEE0B7A0
InstallProtocolInterface: 6A7A5CFF-E8D9-4F70-BADA-75AB3025CE14 BEE0B780
Loading driver 58E26F0D-CBAC-4BBA-B70F-18221415665A
InstallProtocolInterface: 5B1B31A1-9562-11D2-8E3F-00A0C969723B BEE50040
Loading driver at 0x000BEE20000 EntryPoint=0x000BEE21D06 VirtioRngDxe.efi
InstallProtocolInterface: BC62157E-3E33-4FEC-9920-2D3B36D750DF BEE5F598
ProtectUefiImageCommon - 0xBEE50040
  - 0x00000000BEE20000 - 0x0000000000002E80
InstallProtocolInterface: 18A031AB-B443-4D1A-A5C0-0C09261E9F71 BEE22D20
InstallProtocolInterface: 107A772C-D5E1-11D4-9A46-0090273FC14D BEE22D00
InstallProtocolInterface: 6A7A5CFF-E8D9-4F70-BADA-75AB3025CE14 BEE22CE0
Loading driver 30346B14-1580-4781-879D-BA0C55AE9BB2
InstallProtocolInterface: 5B1B31A1-9562-11D2-8E3F-00A0C969723B BEE509C0
Loading driver at 0x000BEE00000 EntryPoint=0x000BEE021D3 PvScsiDxe.efi
InstallProtocolInterface: BC62157E-3E33-4FEC-9920-2D3B36D750DF BEE50918
ProtectUefiImageCommon - 0xBEE509C0
  - 0x00000000BEE00000 - 0x0000000000003380
InstallProtocolInterface: 18A031AB-B443-4D1A-A5C0-0C09261E9F71 BEE03240
InstallProtocolInterface: 107A772C-D5E1-11D4-9A46-0090273FC14D BEE03220
InstallProtocolInterface: 6A7A5CFF-E8D9-4F70-BADA-75AB3025CE14 BEE03200
Loading driver 2B3DB5DD-B315-4961-8454-0AFF3C811B19
InstallProtocolInterface: 5B1B31A1-9562-11D2-8E3F-00A0C969723B BEE53040
Loading driver at 0x000BEB7B000 EntryPoint=0x000BEB7D0CC MptScsiDxe.efi
InstallProtocolInterface: BC62157E-3E33-4FEC-9920-2D3B36D750DF BEE50498
ProtectUefiImageCommon - 0xBEE53040
  - 0x00000000BEB7B000 - 0x0000000000003300
InstallProtocolInterface: 18A031AB-B443-4D1A-A5C0-0C09261E9F71 BEB7E1C0
InstallProtocolInterface: 107A772C-D5E1-11D4-9A46-0090273FC14D BEB7E1A0
InstallProtocolInterface: 6A7A5CFF-E8D9-4F70-BADA-75AB3025CE14 BEB7E180
Loading driver 51CCF399-4FDF-4E55-A45B-E123F84D456A
InstallProtocolInterface: 5B1B31A1-9562-11D2-8E3F-00A0C969723B BEE53440
Loading driver at 0x000BEB77000 EntryPoint=0x000BEB796A8 ConPlatformDxe.efi
InstallProtocolInterface: BC62157E-3E33-4FEC-9920-2D3B36D750DF BEE53B98
ProtectUefiImageCommon - 0xBEE53440
  - 0x00000000BEB77000 - 0x0000000000003DC0
InstallProtocolInterface: 18A031AB-B443-4D1A-A5C0-0C09261E9F71 BEB7ABA0
InstallProtocolInterface: 107A772C-D5E1-11D4-9A46-0090273FC14D BEB7AC10
InstallProtocolInterface: 6A7A5CFF-E8D9-4F70-BADA-75AB3025CE14 BEB7ABF0
InstallProtocolInterface: 18A031AB-B443-4D1A-A5C0-0C09261E9F71 BEB7AB60
InstallProtocolInterface: 107A772C-D5E1-11D4-9A46-0090273FC14D BEB7AC10
InstallProtocolInterface: 6A7A5CFF-E8D9-4F70-BADA-75AB3025CE14 BEB7ABF0
Loading driver 408EDCEC-CF6D-477C-A5A8-B4844E3DE281
InstallProtocolInterface: 5B1B31A1-9562-11D2-8E3F-00A0C969723B BEE52BC0
Loading driver at 0x000BEB67000 EntryPoint=0x000BEB6BF51 ConSplitterDxe.efi
InstallProtocolInterface: BC62157E-3E33-4FEC-9920-2D3B36D750DF BEE52A98
ProtectUefiImageCommon - 0xBEE52BC0
  - 0x00000000BEB67000 - 0x0000000000007180
InstallProtocolInterface: 18A031AB-B443-4D1A-A5C0-0C09261E9F71 BEB6DE60
InstallProtocolInterface: 107A772C-D5E1-11D4-9A46-0090273FC14D BEB6DE30
InstallProtocolInterface: 6A7A5CFF-E8D9-4F70-BADA-75AB3025CE14 BEB6DE10
InstallProtocolInterface: 18A031AB-B443-4D1A-A5C0-0C09261E9F71 BEB6DDE0
InstallProtocolInterface: 107A772C-D5E1-11D4-9A46-0090273FC14D BEB6DDB0
InstallProtocolInterface: 6A7A5CFF-E8D9-4F70-BADA-75AB3025CE14 BEB6DD90
InstallProtocolInterface: 18A031AB-B443-4D1A-A5C0-0C09261E9F71 BEB6DD60
InstallProtocolInterface: 107A772C-D5E1-11D4-9A46-0090273FC14D BEB6DD30
InstallProtocolInterface: 6A7A5CFF-E8D9-4F70-BADA-75AB3025CE14 BEB6DD10
InstallProtocolInterface: 18A031AB-B443-4D1A-A5C0-0C09261E9F71 BEB6DCE0
InstallProtocolInterface: 107A772C-D5E1-11D4-9A46-0090273FC14D BEB6DCB0
InstallProtocolInterface: 6A7A5CFF-E8D9-4F70-BADA-75AB3025CE14 BEB6DC90
InstallProtocolInterface: 18A031AB-B443-4D1A-A5C0-0C09261E9F71 BEB6DC60
InstallProtocolInterface: 107A772C-D5E1-11D4-9A46-0090273FC14D BEB6DC30
InstallProtocolInterface: 6A7A5CFF-E8D9-4F70-BADA-75AB3025CE14 BEB6DC10
InstallProtocolInterface: 387477C1-69C7-11D2-8E39-00A0C969723B BEB6DA90
InstallProtocolInterface: DD9E7534-7762-4698-8C14-F58517A625AA BEB6DAC0
InstallProtocolInterface: 31878C87-0B75-11D5-9A4F-0090273FC14D BEB6DB30
InstallProtocolInterface: 8D59D32B-C655-4AE9-9B15-F25904992A43 BEB6DB88
InstallProtocolInterface: 387477C2-69C7-11D2-8E39-00A0C969723B BEB6DED0
InstallProtocolInterface: 387477C2-69C7-11D2-8E39-00A0C969723B BEB6D930
Loading driver CCCB0C28-4B24-11D5-9A5A-0090273FC14D
InstallProtocolInterface: 5B1B31A1-9562-11D2-8E3F-00A0C969723B BEE074C0
Loading driver at 0x000BEB61000 EntryPoint=0x000BEB63FB7 GraphicsConsoleDxe.efi
InstallProtocolInterface: BC62157E-3E33-4FEC-9920-2D3B36D750DF BEE52898
ProtectUefiImageCommon - 0xBEE074C0
  - 0x00000000BEB61000 - 0x0000000000005CC0
InstallProtocolInterface: 18A031AB-B443-4D1A-A5C0-0C09261E9F71 BEB66AC0
InstallProtocolInterface: 107A772C-D5E1-11D4-9A46-0090273FC14D BEB66AA0
InstallProtocolInterface: 6A7A5CFF-E8D9-4F70-BADA-75AB3025CE14 BEB66A80
Loading driver 9E863906-A40F-4875-977F-5B93FF237FC6
InstallProtocolInterface: 5B1B31A1-9562-11D2-8E3F-00A0C969723B BEE06140
Loading driver at 0x000BEB51000 EntryPoint=0x000BEB56900 TerminalDxe.efi
InstallProtocolInterface: BC62157E-3E33-4FEC-9920-2D3B36D750DF BEE06398
ProtectUefiImageCommon - 0xBEE06140
  - 0x00000000BEB51000 - 0x0000000000007A40
InstallProtocolInterface: 18A031AB-B443-4D1A-A5C0-0C09261E9F71 BEB58860
InstallProtocolInterface: 107A772C-D5E1-11D4-9A46-0090273FC14D BEB58830
InstallProtocolInterface: 6A7A5CFF-E8D9-4F70-BADA-75AB3025CE14 BEB58810
Loading driver 806040CA-DAD9-4978-A3B4-2D2AB0C8A48F
InstallProtocolInterface: 5B1B31A1-9562-11D2-8E3F-00A0C969723B BEE05B40
Loading driver at 0x000BEB5D000 EntryPoint=0x000BEB5F088 QemuKernelLoaderFsDxe.efi
InstallProtocolInterface: BC62157E-3E33-4FEC-9920-2D3B36D750DF BEE06598
ProtectUefiImageCommon - 0xBEE05B40
  - 0x00000000BEB5D000 - 0x0000000000003C00
Select Item: 0x0
FW CFG Signature: 0x554D4551
Select Item: 0x1
FW CFG Revision: 0x3
QemuFwCfg interface (DMA) is supported.
Select Item: 0x17
Select Item: 0x8
Select Item: 0xB
Select Item: 0x14
Error: Image at 000BEB5D000 start failed: Not Found
Loading driver 6B38F7B4-AD98-40E9-9093-ACA2B5A253C4
InstallProtocolInterface: 5B1B31A1-9562-11D2-8E3F-00A0C969723B BEE05B40
Loading driver at 0x000BEB4C000 EntryPoint=0x000BEB4EF2B DiskIoDxe.efi
InstallProtocolInterface: BC62157E-3E33-4FEC-9920-2D3B36D750DF BEE05918
ProtectUefiImageCommon - 0xBEE05B40
  - 0x00000000BEB4C000 - 0x0000000000004700
InstallProtocolInterface: 18A031AB-B443-4D1A-A5C0-0C09261E9F71 BEB505C0
InstallProtocolInterface: 107A772C-D5E1-11D4-9A46-0090273FC14D BEB50590
InstallProtocolInterface: 6A7A5CFF-E8D9-4F70-BADA-75AB3025CE14 BEB50570
Loading driver 1FA1F39E-FEFF-4AAE-BD7B-38A070A3B609
InstallProtocolInterface: 5B1B31A1-9562-11D2-8E3F-00A0C969723B BEE051C0
Loading driver at 0x000BEB45000 EntryPoint=0x000BEB49AA9 PartitionDxe.efi
InstallProtocolInterface: BC62157E-3E33-4FEC-9920-2D3B36D750DF BEE05518
ProtectUefiImageCommon - 0xBEE051C0
  - 0x00000000BEB45000 - 0x0000000000006480
InstallProtocolInterface: 18A031AB-B443-4D1A-A5C0-0C09261E9F71 BEB4B320
InstallProtocolInterface: 107A772C-D5E1-11D4-9A46-0090273FC14D BEB4B300
InstallProtocolInterface: 6A7A5CFF-E8D9-4F70-BADA-75AB3025CE14 BEB4B2E0
Loading driver CD3BAFB6-50FB-4FE8-8E4E-AB74D2C1A600
InstallProtocolInterface: 5B1B31A1-9562-11D2-8E3F-00A0C969723B BEE04CC0
Loading driver at 0x000BEB5E000 EntryPoint=0x000BEB5F19E EnglishDxe.efi
InstallProtocolInterface: BC62157E-3E33-4FEC-9920-2D3B36D750DF BEE04918
ProtectUefiImageCommon - 0xBEE04CC0
  - 0x00000000BEB5E000 - 0x0000000000002080
InstallProtocolInterface: 1D85CD7F-F43D-11D2-9A0C-0090273FC14D BEB5FBE0
InstallProtocolInterface: A4C751FC-23AE-4C3E-92E9-4964CF63F349 BEB5FB80
Loading driver 0167CCC4-D0F7-4F21-A3EF-9E64B7CDCE8B
InstallProtocolInterface: 5B1B31A1-9562-11D2-8E3F-00A0C969723B BEE04440
Loading driver at 0x000BEB5A000 EntryPoint=0x000BEB5CA9E ScsiBus.efi
InstallProtocolInterface: BC62157E-3E33-4FEC-9920-2D3B36D750DF BEE04A98
ProtectUefiImageCommon - 0xBEE04440
  - 0x00000000BEB5A000 - 0x0000000000003E40
InstallProtocolInterface: 18A031AB-B443-4D1A-A5C0-0C09261E9F71 BEB5DCA0
InstallProtocolInterface: 107A772C-D5E1-11D4-9A46-0090273FC14D BEB5DC80
InstallProtocolInterface: 6A7A5CFF-E8D9-4F70-BADA-75AB3025CE14 BEB5DC60
Loading driver 0A66E322-3740-4CCE-AD62-BD172CECCA35
InstallProtocolInterface: 5B1B31A1-9562-11D2-8E3F-00A0C969723B BEB760C0
Loading driver at 0x000BEB31000 EntryPoint=0x000BEB38F9B ScsiDisk.efi
InstallProtocolInterface: BC62157E-3E33-4FEC-9920-2D3B36D750DF BEB76D18
ProtectUefiImageCommon - 0xBEB760C0
  - 0x00000000BEB31000 - 0x0000000000009940
InstallProtocolInterface: 18A031AB-B443-4D1A-A5C0-0C09261E9F71 BEB3A7E0
InstallProtocolInterface: 107A772C-D5E1-11D4-9A46-0090273FC14D BEB3A7B0
InstallProtocolInterface: 6A7A5CFF-E8D9-4F70-BADA-75AB3025CE14 BEB3A790
Loading driver 021722D8-522B-4079-852A-FE44C2C13F49
InstallProtocolInterface: 5B1B31A1-9562-11D2-8E3F-00A0C969723B BEB76540
Loading driver at 0x000BEB41000 EntryPoint=0x000BEB42DF0 SataController.efi
InstallProtocolInterface: BC62157E-3E33-4FEC-9920-2D3B36D750DF BEB75F98
ProtectUefiImageCommon - 0xBEB76540
  - 0x00000000BEB41000 - 0x0000000000003140
InstallProtocolInterface: 18A031AB-B443-4D1A-A5C0-0C09261E9F71 BEB43FE0
InstallProtocolInterface: 107A772C-D5E1-11D4-9A46-0090273FC14D BEB43FC0
InstallProtocolInterface: 6A7A5CFF-E8D9-4F70-BADA-75AB3025CE14 BEB43FA0
Loading driver 5E523CB4-D397-4986-87BD-A6DD8B22F455
InstallProtocolInterface: 5B1B31A1-9562-11D2-8E3F-00A0C969723B BEB75140
Loading driver at 0x000BEB1B000 EntryPoint=0x000BEB236D8 AtaAtapiPassThruDxe.efi
InstallProtocolInterface: BC62157E-3E33-4FEC-9920-2D3B36D750DF BEB75398
ProtectUefiImageCommon - 0xBEB75140
  - 0x00000000BEB1B000 - 0x000000000000AEC0
InstallProtocolInterface: 18A031AB-B443-4D1A-A5C0-0C09261E9F71 BEB25CC0
InstallProtocolInterface: 107A772C-D5E1-11D4-9A46-0090273FC14D BEB25C90
InstallProtocolInterface: 6A7A5CFF-E8D9-4F70-BADA-75AB3025CE14 BEB25C70
Loading driver 19DF145A-B1D4-453F-8507-38816676D7F6
InstallProtocolInterface: 5B1B31A1-9562-11D2-8E3F-00A0C969723B BEB75540
Loading driver at 0x000BEB14000 EntryPoint=0x000BEB183DD AtaBusDxe.efi
InstallProtocolInterface: BC62157E-3E33-4FEC-9920-2D3B36D750DF BEB72B18
ProtectUefiImageCommon - 0xBEB75540
  - 0x00000000BEB14000 - 0x0000000000006240
InstallProtocolInterface: 18A031AB-B443-4D1A-A5C0-0C09261E9F71 BEB1A080
InstallProtocolInterface: 107A772C-D5E1-11D4-9A46-0090273FC14D BEB1A050
InstallProtocolInterface: 6A7A5CFF-E8D9-4F70-BADA-75AB3025CE14 BEB1A030
Loading driver 5BE3BDF4-53CF-46A3-A6A9-73C34A6E5EE3
InstallProtocolInterface: 5B1B31A1-9562-11D2-8E3F-00A0C969723B BEB727C0
Loading driver at 0x000BEB0A000 EntryPoint=0x000BEB11362 NvmExpressDxe.efi
InstallProtocolInterface: BC62157E-3E33-4FEC-9920-2D3B36D750DF BEB72D18
ProtectUefiImageCommon - 0xBEB727C0
  - 0x00000000BEB0A000 - 0x0000000000009940
InstallProtocolInterface: 18A031AB-B443-4D1A-A5C0-0C09261E9F71 BEB137A0
InstallProtocolInterface: 107A772C-D5E1-11D4-9A46-0090273FC14D BEB13780
InstallProtocolInterface: 6A7A5CFF-E8D9-4F70-BADA-75AB3025CE14 BEB13760
InstallProtocolInterface: 5C198761-16A8-4E69-972C-89D67954F81D BEB13750
Loading driver 864E1CA8-85EB-4D63-9DCC-6E0FC90FFD55
InstallProtocolInterface: 5B1B31A1-9562-11D2-8E3F-00A0C969723B BEB71040
Loading driver at 0x000BEB2D000 EntryPoint=0x000BEB2EDC4 SioBusDxe.efi
InstallProtocolInterface: BC62157E-3E33-4FEC-9920-2D3B36D750DF BEB72318
ProtectUefiImageCommon - 0xBEB71040
  - 0x00000000BEB2D000 - 0x0000000000003080
InstallProtocolInterface: 18A031AB-B443-4D1A-A5C0-0C09261E9F71 BEB2FF20
InstallProtocolInterface: 107A772C-D5E1-11D4-9A46-0090273FC14D BEB2FF00
InstallProtocolInterface: 6A7A5CFF-E8D9-4F70-BADA-75AB3025CE14 BEB2FEE0
Loading driver E2775B47-D453-4EE3-ADA7-391A1B05AC17
InstallProtocolInterface: 5B1B31A1-9562-11D2-8E3F-00A0C969723B BEB71440
Loading driver at 0x000BEB27000 EntryPoint=0x000BEB2B59B PciSioSerialDxe.efi
InstallProtocolInterface: BC62157E-3E33-4FEC-9920-2D3B36D750DF BEB71698
ProtectUefiImageCommon - 0xBEB71440
  - 0x00000000BEB27000 - 0x0000000000005F00
InstallProtocolInterface: 18A031AB-B443-4D1A-A5C0-0C09261E9F71 BEB2CD80
InstallProtocolInterface: 107A772C-D5E1-11D4-9A46-0090273FC14D BEB2CD60
InstallProtocolInterface: 6A7A5CFF-E8D9-4F70-BADA-75AB3025CE14 BEB2CD40
Loading driver C4D1F932-821F-4744-BF06-6D30F7730F8D
InstallProtocolInterface: 5B1B31A1-9562-11D2-8E3F-00A0C969723B BEB70B40
Loading driver at 0x000BEB04000 EntryPoint=0x000BEB07B06 Ps2KeyboardDxe.efi
InstallProtocolInterface: BC62157E-3E33-4FEC-9920-2D3B36D750DF BEB71898
ProtectUefiImageCommon - 0xBEB70B40
  - 0x00000000BEB04000 - 0x0000000000005640
InstallProtocolInterface: 18A031AB-B443-4D1A-A5C0-0C09261E9F71 BEB094A0
InstallProtocolInterface: 107A772C-D5E1-11D4-9A46-0090273FC14D BEB09470
InstallProtocolInterface: 6A7A5CFF-E8D9-4F70-BADA-75AB3025CE14 BEB09450
Loading driver B8E62775-BB0A-43F0-A843-5BE8B14F8CCD
InstallProtocolInterface: 5B1B31A1-9562-11D2-8E3F-00A0C969723B BEB701C0
Loading driver at 0x000BEB3B000 EntryPoint=0x000BEB3C5A1 BootGraphicsResourceTableDxe.efi
InstallProtocolInterface: BC62157E-3E33-4FEC-9920-2D3B36D750DF BEB70798
ProtectUefiImageCommon - 0xBEB701C0
  - 0x00000000BEB3B000 - 0x00000000000027C0
InstallProtocolInterface: CDEA2BD3-FC25-4C1C-B97C-B31186064990 BEB3D5D0
InstallProtocolInterface: 4B5DC1DF-1EAA-48B2-A7E9-EAC489A00B5C BEB3D5B0
Loading driver 961578FE-B6B7-44C3-AF35-6BC705CD2B1F
InstallProtocolInterface: 5B1B31A1-9562-11D2-8E3F-00A0C969723B BEB6F0C0
Loading driver at 0x000BEAF0000 EntryPoint=0x000BEAF7AD2 Fat.efi
InstallProtocolInterface: BC62157E-3E33-4FEC-9920-2D3B36D750DF BEB70418
ProtectUefiImageCommon - 0xBEB6F0C0
  - 0x00000000BEAF0000 - 0x0000000000009A00
InstallProtocolInterface: 18A031AB-B443-4D1A-A5C0-0C09261E9F71 BEAF9880
InstallProtocolInterface: 107A772C-D5E1-11D4-9A46-0090273FC14D BEAF9850
InstallProtocolInterface: 6A7A5CFF-E8D9-4F70-BADA-75AB3025CE14 BEAF9830
Loading driver 905F13B0-8F91-4B0A-BD76-E1E78F9422E4
InstallProtocolInterface: 5B1B31A1-9562-11D2-8E3F-00A0C969723B BEB6F4C0
Loading driver at 0x000BEAEA000 EntryPoint=0x000BEAEE8B1 UdfDxe.efi
InstallProtocolInterface: BC62157E-3E33-4FEC-9920-2D3B36D750DF BEB59F18
ProtectUefiImageCommon - 0xBEB6F4C0
  - 0x00000000BEAEA000 - 0x0000000000005FC0
InstallProtocolInterface: 18A031AB-B443-4D1A-A5C0-0C09261E9F71 BEAEFE80
InstallProtocolInterface: 107A772C-D5E1-11D4-9A46-0090273FC14D BEAEFE50
InstallProtocolInterface: 6A7A5CFF-E8D9-4F70-BADA-75AB3025CE14 BEAEFE30
Loading driver 7BD9DDF7-8B83-488E-AEC9-24C78610289C
InstallProtocolInterface: 5B1B31A1-9562-11D2-8E3F-00A0C969723B BEB591C0
Loading driver at 0x000BEAE0000 EntryPoint=0x000BEAE6EA2 VirtioFsDxe.efi
InstallProtocolInterface: BC62157E-3E33-4FEC-9920-2D3B36D750DF BEB59A18
ProtectUefiImageCommon - 0xBEB591C0
  - 0x00000000BEAE0000 - 0x0000000000009040
InstallProtocolInterface: 18A031AB-B443-4D1A-A5C0-0C09261E9F71 BEAE8F40
InstallProtocolInterface: 6A7A5CFF-E8D9-4F70-BADA-75AB3025CE14 BEAE8F10
Loading driver A2F436EA-A127-4EF8-957C-8048606FF670
InstallProtocolInterface: 5B1B31A1-9562-11D2-8E3F-00A0C969723B BEB595C0
Loading driver at 0x000BEAD9000 EntryPoint=0x000BEADE0AD SnpDxe.efi
InstallProtocolInterface: BC62157E-3E33-4FEC-9920-2D3B36D750DF BEB59918
ProtectUefiImageCommon - 0xBEB595C0
  - 0x00000000BEAD9000 - 0x0000000000006FC0
InstallProtocolInterface: 18A031AB-B443-4D1A-A5C0-0C09261E9F71 BEADFE80
InstallProtocolInterface: 107A772C-D5E1-11D4-9A46-0090273FC14D BEADFE50
InstallProtocolInterface: 6A7A5CFF-E8D9-4F70-BADA-75AB3025CE14 BEADFE30
Loading driver E4F61863-FE2C-4B56-A8F4-08519BC439DF
InstallProtocolInterface: 5B1B31A1-9562-11D2-8E3F-00A0C969723B BEB400C0
Loading driver at 0x000BEAD2000 EntryPoint=0x000BEAD63EA VlanConfigDxe.efi
InstallProtocolInterface: BC62157E-3E33-4FEC-9920-2D3B36D750DF BEB40898
ProtectUefiImageCommon - 0xBEB400C0
  - 0x00000000BEAD2000 - 0x00000000000068C0
InstallProtocolInterface: 18A031AB-B443-4D1A-A5C0-0C09261E9F71 BEAD86E0
InstallProtocolInterface: 107A772C-D5E1-11D4-9A46-0090273FC14D BEAD86B0
InstallProtocolInterface: 6A7A5CFF-E8D9-4F70-BADA-75AB3025CE14 BEAD8690
Loading driver 025BBFC7-E6A9-4B8B-82AD-6815A1AEAF4A
InstallProtocolInterface: 5B1B31A1-9562-11D2-8E3F-00A0C969723B BEB40540
Loading driver at 0x000BEABC000 EntryPoint=0x000BEAC34FD MnpDxe.efi
InstallProtocolInterface: BC62157E-3E33-4FEC-9920-2D3B36D750DF BEB3FF98
ProtectUefiImageCommon - 0xBEB40540
  - 0x00000000BEABC000 - 0x000000000000A0C0
InstallProtocolInterface: 18A031AB-B443-4D1A-A5C0-0C09261E9F71 BEAC5F20
InstallProtocolInterface: 107A772C-D5E1-11D4-9A46-0090273FC14D BEAC5F00
InstallProtocolInterface: 6A7A5CFF-E8D9-4F70-BADA-75AB3025CE14 BEAC5EE0
Loading driver 529D3F93-E8E9-4E73-B1E1-BDF6A9D50113
InstallProtocolInterface: 5B1B31A1-9562-11D2-8E3F-00A0C969723B BEB3F1C0
Loading driver at 0x000BEACC000 EntryPoint=0x000BEAD00BA ArpDxe.efi
InstallProtocolInterface: BC62157E-3E33-4FEC-9920-2D3B36D750DF BEB3FA18
ProtectUefiImageCommon - 0xBEB3F1C0
  - 0x00000000BEACC000 - 0x0000000000005C00
InstallProtocolInterface: 18A031AB-B443-4D1A-A5C0-0C09261E9F71 BEAD1AA0
InstallProtocolInterface: 107A772C-D5E1-11D4-9A46-0090273FC14D BEAD1A70
InstallProtocolInterface: 6A7A5CFF-E8D9-4F70-BADA-75AB3025CE14 BEAD1A50
Loading driver 94734718-0BBC-47FB-96A5-EE7A5AE6A2AD
InstallProtocolInterface: 5B1B31A1-9562-11D2-8E3F-00A0C969723B BEB3E040
Loading driver at 0x000BEAA6000 EntryPoint=0x000BEAAD6C4 Dhcp4Dxe.efi
InstallProtocolInterface: BC62157E-3E33-4FEC-9920-2D3B36D750DF BEB3EE98
ProtectUefiImageCommon - 0xBEB3E040
  - 0x00000000BEAA6000 - 0x000000000000A380
InstallProtocolInterface: 18A031AB-B443-4D1A-A5C0-0C09261E9F71 BEAB0160
InstallProtocolInterface: 107A772C-D5E1-11D4-9A46-0090273FC14D BEAB0130
InstallProtocolInterface: 6A7A5CFF-E8D9-4F70-BADA-75AB3025CE14 BEAB0110
Loading driver 9FB1A1F3-3B71-4324-B39A-745CBB015FFF
InstallProtocolInterface: 5B1B31A1-9562-11D2-8E3F-00A0C969723B BEB3E9C0
Loading driver at 0x000BEA7F000 EntryPoint=0x000BEA81662 Ip4Dxe.efi
InstallProtocolInterface: BC62157E-3E33-4FEC-9920-2D3B36D750DF BEB3E918
ProtectUefiImageCommon - 0xBEB3E9C0
  - 0x00000000BEA7F000 - 0x0000000000013000
InstallProtocolInterface: 18A031AB-B443-4D1A-A5C0-0C09261E9F71 BEA91CA0
InstallProtocolInterface: 107A772C-D5E1-11D4-9A46-0090273FC14D BEA91C80
InstallProtocolInterface: 6A7A5CFF-E8D9-4F70-BADA-75AB3025CE14 BEA91C60
Loading driver 6D6963AB-906D-4A65-A7CA-BD40E5D6AF2B
InstallProtocolInterface: 5B1B31A1-9562-11D2-8E3F-00A0C969723B BEB26B40
Loading driver at 0x000BEAB3000 EntryPoint=0x000BEAB9560 Udp4Dxe.efi
InstallProtocolInterface: BC62157E-3E33-4FEC-9920-2D3B36D750DF BEB26A98
ProtectUefiImageCommon - 0xBEB26B40
  - 0x00000000BEAB3000 - 0x0000000000008700
InstallProtocolInterface: 18A031AB-B443-4D1A-A5C0-0C09261E9F71 BEABB560
InstallProtocolInterface: 107A772C-D5E1-11D4-9A46-0090273FC14D BEABB540
InstallProtocolInterface: 6A7A5CFF-E8D9-4F70-BADA-75AB3025CE14 BEABB520
Loading driver DC3641B8-2FA8-4ED3-BC1F-F9962A03454B
InstallProtocolInterface: 5B1B31A1-9562-11D2-8E3F-00A0C969723B BEB26240
Loading driver at 0x000BEA9D000 EntryPoint=0x000BEAA3E5A Mtftp4Dxe.efi
InstallProtocolInterface: BC62157E-3E33-4FEC-9920-2D3B36D750DF BEB26718
ProtectUefiImageCommon - 0xBEB26240
  - 0x00000000BEA9D000 - 0x0000000000008EC0
InstallProtocolInterface: 18A031AB-B443-4D1A-A5C0-0C09261E9F71 BEAA5D20
InstallProtocolInterface: 107A772C-D5E1-11D4-9A46-0090273FC14D BEAA5D00
InstallProtocolInterface: 6A7A5CFF-E8D9-4F70-BADA-75AB3025CE14 BEAA5CE0
Loading driver 1A7E4468-2F55-4A56-903C-01265EB7622B
InstallProtocolInterface: 5B1B31A1-9562-11D2-8E3F-00A0C969723B BEB03CC0
Loading driver at 0x000BEA5B000 EntryPoint=0x000BEA5DE3A TcpDxe.efi
InstallProtocolInterface: BC62157E-3E33-4FEC-9920-2D3B36D750DF BEB03B18
ProtectUefiImageCommon - 0xBEB03CC0
  - 0x00000000BEA5B000 - 0x0000000000011C80
InstallProtocolInterface: 18A031AB-B443-4D1A-A5C0-0C09261E9F71 BEA6C820
InstallProtocolInterface: 107A772C-D5E1-11D4-9A46-0090273FC14D BEA6C8D0
InstallProtocolInterface: 6A7A5CFF-E8D9-4F70-BADA-75AB3025CE14 BEA6C8B0
InstallProtocolInterface: 18A031AB-B443-4D1A-A5C0-0C09261E9F71 BEA6C7E0
InstallProtocolInterface: 107A772C-D5E1-11D4-9A46-0090273FC14D BEA6C8D0
InstallProtocolInterface: 6A7A5CFF-E8D9-4F70-BADA-75AB3025CE14 BEA6C8B0
Loading driver B95E9FDA-26DE-48D2-8807-1F9107AC5E3A
InstallProtocolInterface: 5B1B31A1-9562-11D2-8E3F-00A0C969723B BEB02040
Loading driver at 0x000BEA49000 EntryPoint=0x000BEA4F735 UefiPxeBcDxe.efi
InstallProtocolInterface: BC62157E-3E33-4FEC-9920-2D3B36D750DF BEB03518
ProtectUefiImageCommon - 0xBEB02040
  - 0x00000000BEA49000 - 0x00000000000111C0
Select Item: 0x0
FW CFG Signature: 0x554D4551
Select Item: 0x1
FW CFG Revision: 0x3
QemuFwCfg interface (DMA) is supported.
Select Item: 0x19
Select Item: 0x19
InstallProtocolInterface: 18A031AB-B443-4D1A-A5C0-0C09261E9F71 BEA59CE0
InstallProtocolInterface: 107A772C-D5E1-11D4-9A46-0090273FC14D BEA59D80
InstallProtocolInterface: 6A7A5CFF-E8D9-4F70-BADA-75AB3025CE14 BEA59D60
InstallProtocolInterface: 18A031AB-B443-4D1A-A5C0-0C09261E9F71 BEA59CA0
InstallProtocolInterface: 107A772C-D5E1-11D4-9A46-0090273FC14D BEA59D80
InstallProtocolInterface: 6A7A5CFF-E8D9-4F70-BADA-75AB3025CE14 BEA59D60
Loading driver 86CDDF93-4872-4597-8AF9-A35AE4D3725F
InstallProtocolInterface: 5B1B31A1-9562-11D2-8E3F-00A0C969723B BEB024C0
Loading driver at 0x000BEA0D000 EntryPoint=0x000BEA14808 IScsiDxe.efi
InstallProtocolInterface: BC62157E-3E33-4FEC-9920-2D3B36D750DF BEB02798
ProtectUefiImageCommon - 0xBEB024C0
  - 0x00000000BEA0D000 - 0x000000000001DE80
InstallProtocolInterface: 18A031AB-B443-4D1A-A5C0-0C09261E9F71 BEA2A980
InstallProtocolInterface: 107A772C-D5E1-11D4-9A46-0090273FC14D BEA2A9E0
InstallProtocolInterface: 6A7A5CFF-E8D9-4F70-BADA-75AB3025CE14 BEA2A9C0
InstallProtocolInterface: 18A031AB-B443-4D1A-A5C0-0C09261E9F71 BEA2A940
InstallProtocolInterface: 107A772C-D5E1-11D4-9A46-0090273FC14D BEA2A9E0
InstallProtocolInterface: 6A7A5CFF-E8D9-4F70-BADA-75AB3025CE14 BEA2A9C0
InstallProtocolInterface: 59324945-EC44-4C0D-B1CD-9DB139DF070C BEA2A930
InstallProtocolInterface: 09576E91-6D3F-11D2-8E39-00A0C969723B BEA2AA40
InstallProtocolInterface: 330D4706-F2A0-4E4F-A369-B66FA8D54385 BEB01C28
InstallProtocolInterface: 7671D9D0-53DB-4173-AA69-2327F21F0BC7 BEA2A910
Loading driver A92CDB4B-82F1-4E0B-A516-8A655D371524
InstallProtocolInterface: 5B1B31A1-9562-11D2-8E3F-00A0C969723B BEAFC940
Loading driver at 0x000BEA79000 EntryPoint=0x000BEA7CB7C VirtioNetDxe.efi
InstallProtocolInterface: BC62157E-3E33-4FEC-9920-2D3B36D750DF BEB01718
ProtectUefiImageCommon - 0xBEAFC940
  - 0x00000000BEA79000 - 0x0000000000005300
InstallProtocolInterface: 18A031AB-B443-4D1A-A5C0-0C09261E9F71 BEA7E1C0
InstallProtocolInterface: 107A772C-D5E1-11D4-9A46-0090273FC14D BEA7E190
InstallProtocolInterface: 6A7A5CFF-E8D9-4F70-BADA-75AB3025CE14 BEA7E170
Loading driver 2FB92EFA-2EE0-4BAE-9EB6-7464125E1EF7
InstallProtocolInterface: 5B1B31A1-9562-11D2-8E3F-00A0C969723B BEAFC2C0
Loading driver at 0x000BEA72000 EntryPoint=0x000BEA771EE UhciDxe.efi
InstallProtocolInterface: BC62157E-3E33-4FEC-9920-2D3B36D750DF BEAFC518
ProtectUefiImageCommon - 0xBEAFC2C0
  - 0x00000000BEA72000 - 0x0000000000006D40
InstallProtocolInterface: 18A031AB-B443-4D1A-A5C0-0C09261E9F71 BEA78BA0
InstallProtocolInterface: 107A772C-D5E1-11D4-9A46-0090273FC14D BEA78B80
InstallProtocolInterface: 6A7A5CFF-E8D9-4F70-BADA-75AB3025CE14 BEA78B60
Loading driver BDFE430E-8F2A-4DB0-9991-6F856594777E
InstallProtocolInterface: 5B1B31A1-9562-11D2-8E3F-00A0C969723B BEAFE2C0
Loading driver at 0x000BEA40000 EntryPoint=0x000BEA4633A EhciDxe.efi
InstallProtocolInterface: BC62157E-3E33-4FEC-9920-2D3B36D750DF BEAFEC98
ProtectUefiImageCommon - 0xBEAFE2C0
  - 0x00000000BEA40000 - 0x00000000000086C0
InstallProtocolInterface: 18A031AB-B443-4D1A-A5C0-0C09261E9F71 BEA48520
InstallProtocolInterface: 107A772C-D5E1-11D4-9A46-0090273FC14D BEA48500
InstallProtocolInterface: 6A7A5CFF-E8D9-4F70-BADA-75AB3025CE14 BEA484E0
Loading driver B7F50E91-A759-412C-ADE4-DCD03E7F7C28
InstallProtocolInterface: 5B1B31A1-9562-11D2-8E3F-00A0C969723B BEAFE540
Loading driver at 0x000BEA00000 EntryPoint=0x000BEA09906 XhciDxe.efi
InstallProtocolInterface: BC62157E-3E33-4FEC-9920-2D3B36D750DF BEAFE198
ProtectUefiImageCommon - 0xBEAFE540
  - 0x00000000BEA00000 - 0x000000000000CA80
InstallProtocolInterface: 18A031AB-B443-4D1A-A5C0-0C09261E9F71 BEA0C8E0
InstallProtocolInterface: 107A772C-D5E1-11D4-9A46-0090273FC14D BEA0C8C0
InstallProtocolInterface: 6A7A5CFF-E8D9-4F70-BADA-75AB3025CE14 BEA0C8A0
Loading driver 240612B7-A063-11D4-9A3A-0090273FC14D
InstallProtocolInterface: 5B1B31A1-9562-11D2-8E3F-00A0C969723B BEAFD2C0
Loading driver at 0x000BEA36000 EntryPoint=0x000BEA3C6D6 UsbBusDxe.efi
InstallProtocolInterface: BC62157E-3E33-4FEC-9920-2D3B36D750DF BEAFDA98
ProtectUefiImageCommon - 0xBEAFD2C0
  - 0x00000000BEA36000 - 0x00000000000091C0
InstallProtocolInterface: 18A031AB-B443-4D1A-A5C0-0C09261E9F71 BEA3F000
InstallProtocolInterface: 107A772C-D5E1-11D4-9A46-0090273FC14D BEA3EFD0
InstallProtocolInterface: 6A7A5CFF-E8D9-4F70-BADA-75AB3025CE14 BEA3EFB0
Loading driver 2D2E62CF-9ECF-43B7-8219-94E7FC713DFE
InstallProtocolInterface: 5B1B31A1-9562-11D2-8E3F-00A0C969723B BEAFD540
Loading driver at 0x000BEA2F000 EntryPoint=0x000BEA33112 UsbKbDxe.efi
InstallProtocolInterface: BC62157E-3E33-4FEC-9920-2D3B36D750DF BEAC7F98
ProtectUefiImageCommon - 0xBEAFD540
  - 0x00000000BEA2F000 - 0x0000000000006200
InstallProtocolInterface: 18A031AB-B443-4D1A-A5C0-0C09261E9F71 BEA35060
InstallProtocolInterface: 107A772C-D5E1-11D4-9A46-0090273FC14D BEA35030
InstallProtocolInterface: 6A7A5CFF-E8D9-4F70-BADA-75AB3025CE14 BEA35010
Loading driver 9FB4B4A7-42C0-4BCD-8540-9BCC6711F83E
InstallProtocolInterface: 5B1B31A1-9562-11D2-8E3F-00A0C969723B BEAC7B40
Loading driver at 0x000BE9FA000 EntryPoint=0x000BE9FDC76 UsbMassStorageDxe.efi
InstallProtocolInterface: BC62157E-3E33-4FEC-9920-2D3B36D750DF BEAC7818
ProtectUefiImageCommon - 0xBEAC7B40
  - 0x00000000BE9FA000 - 0x00000000000058C0
InstallProtocolInterface: 18A031AB-B443-4D1A-A5C0-0C09261E9F71 BE9FF760
InstallProtocolInterface: 107A772C-D5E1-11D4-9A46-0090273FC14D BE9FF730
InstallProtocolInterface: 6A7A5CFF-E8D9-4F70-BADA-75AB3025CE14 BE9FF710
Loading driver E3752948-B9A1-4770-90C4-DF41C38986BE
InstallProtocolInterface: 5B1B31A1-9562-11D2-8E3F-00A0C969723B BEAB2040
Loading driver at 0x000BE9F4000 EntryPoint=0x000BE9F7B36 QemuVideoDxe.efi
InstallProtocolInterface: BC62157E-3E33-4FEC-9920-2D3B36D750DF BEAB2C18
ProtectUefiImageCommon - 0xBEAB2040
  - 0x00000000BE9F4000 - 0x0000000000005F40
InstallProtocolInterface: 18A031AB-B443-4D1A-A5C0-0C09261E9F71 BE9F9DE0
InstallProtocolInterface: 107A772C-D5E1-11D4-9A46-0090273FC14D BE9F9DC0
InstallProtocolInterface: 6A7A5CFF-E8D9-4F70-BADA-75AB3025CE14 BE9F9DA0
Loading driver D6099B94-CD97-4CC5-8714-7F6312701A8A
InstallProtocolInterface: 5B1B31A1-9562-11D2-8E3F-00A0C969723B BEAB2D40
Loading driver at 0x000BE9EE000 EntryPoint=0x000BE9F1C3C VirtioGpuDxe.efi
InstallProtocolInterface: BC62157E-3E33-4FEC-9920-2D3B36D750DF BEAB2B18
ProtectUefiImageCommon - 0xBEAB2D40
  - 0x00000000BE9EE000 - 0x00000000000056C0
InstallProtocolInterface: 18A031AB-B443-4D1A-A5C0-0C09261E9F71 BE9F3560
InstallProtocolInterface: 6A7A5CFF-E8D9-4F70-BADA-75AB3025CE14 BE9F3540
[Bds] Entry...
[BdsDxe] Locate Variable Policy protocol - Success
Variable Driver Auto Update Lang, Lang:eng, PlatformLang:en Status: Success
!!! DEPRECATED INTERFACE !!! VariableLockRequestToLock() will go away soon!
!!! DEPRECATED INTERFACE !!! Please move to use Variable Policy!
!!! DEPRECATED INTERFACE !!! Variable: 8BE4DF61-93CA-11D2-AA0D-00E098032B8C PlatformRecovery0000
PlatformBootManagerBeforeConsole
Registered NotifyDevPath Event
PCI Bus First Scanning
PciBus: Discovered PCI @ [00|00|00]

PciBus: Discovered PCI @ [00|01|00]

PciBus: Discovered PCI @ [00|01|01]
   BAR[4]: Type =   Io32; Alignment = 0xF;	Length = 0x10;	Offset = 0x20

PciBus: Discovered PCI @ [00|01|03]

PciBus: Discovered PCI @ [00|02|00]
   BAR[0]: Type = PMem32; Alignment = 0xFFFFFF;	Length = 0x1000000;	Offset = 0x10
   BAR[2]: Type =  Mem32; Alignment = 0xFFF;	Length = 0x1000;	Offset = 0x18

PCI Bus Second Scanning
PciBus: Discovered PCI @ [00|00|00]

PciBus: Discovered PCI @ [00|01|00]

PciBus: Discovered PCI @ [00|01|01]
   BAR[4]: Type =   Io32; Alignment = 0xF;	Length = 0x10;	Offset = 0x20

PciBus: Discovered PCI @ [00|01|03]

PciBus: Discovered PCI @ [00|02|00]
   BAR[0]: Type = PMem32; Alignment = 0xFFFFFF;	Length = 0x1000000;	Offset = 0x10
   BAR[2]: Type =  Mem32; Alignment = 0xFFF;	Length = 0x1000;	Offset = 0x18

PciBus: Discovered PCI @ [00|00|00]

PciBus: Discovered PCI @ [00|01|00]

PciBus: Discovered PCI @ [00|01|01]
   BAR[4]: Type =   Io32; Alignment = 0xF;	Length = 0x10;	Offset = 0x20

PciBus: Discovered PCI @ [00|01|03]

PciBus: Discovered PCI @ [00|02|00]
   BAR[0]: Type = PMem32; Alignment = 0xFFFFFF;	Length = 0x1000000;	Offset = 0x10
   BAR[2]: Type =  Mem32; Alignment = 0xFFF;	Length = 0x1000;	Offset = 0x18

PciHostBridge: SubmitResources for PciRoot(0x0)
 I/O: Granularity/SpecificFlag = 0 / 01
      Length/Alignment = 0x1000 / 0xFFF
 Mem: Granularity/SpecificFlag = 32 / 00
      Length/Alignment = 0x1100000 / 0xFFFFFF
PciBus: HostBridge->SubmitResources() - Success
PciHostBridge: NotifyPhase (AllocateResources)
 RootBridge: PciRoot(0x0)
  Mem: Base/Length/Alignment = C0000000/1100000/FFFFFF - Success
  I/O: Base/Length/Alignment = C000/1000/FFF - Success
PciBus: HostBridge->NotifyPhase(AllocateResources) - Success
Process Option ROM: BAR Base/Length = C1000000/10000
PciBus: Resource Map for Root Bridge PciRoot(0x0)
Type =   Io16; Base = 0xC000;	Length = 0x1000;	Alignment = 0xFFF
   Base = 0xC000;	Length = 0x10;	Alignment = 0xF;	Owner = PCI [00|01|01:20]
Type =  Mem32; Base = 0xC0000000;	Length = 0x1100000;	Alignment = 0xFFFFFF
   Base = 0xC0000000;	Length = 0x1000000;	Alignment = 0xFFFFFF;	Owner = PCI [00|02|00:10]; Type = PMem32
   Base = 0xC1000000;	Length = 0x10000;	Alignment = 0xFFFF;	Owner = PCI [00|00|00:00]; Type =  OpRom
   Base = 0xC1010000;	Length = 0x1000;	Alignment = 0xFFF;	Owner = PCI [00|02|00:18]

InstallProtocolInterface: 09576E91-6D3F-11D2-8E39-00A0C969723B BEA9CE98
InstallProtocolInterface: 4CF5B200-68B8-4CA5-9EEC-B23E3F50029A BEA9C028
InstallProtocolInterface: 09576E91-6D3F-11D2-8E39-00A0C969723B BEA9CF18
InstallProtocolInterface: 4CF5B200-68B8-4CA5-9EEC-B23E3F50029A BEA9C428
InstallProtocolInterface: 09576E91-6D3F-11D2-8E39-00A0C969723B BEA9CF98
InstallProtocolInterface: 4CF5B200-68B8-4CA5-9EEC-B23E3F50029A BEA9C828
InstallProtocolInterface: 09576E91-6D3F-11D2-8E39-00A0C969723B BEA9BE98
InstallProtocolInterface: 4CF5B200-68B8-4CA5-9EEC-B23E3F50029A BEA9B028
InstallProtocolInterface: 09576E91-6D3F-11D2-8E39-00A0C969723B BEA9BF18
InstallProtocolInterface: 4CF5B200-68B8-4CA5-9EEC-B23E3F50029A BEA9B428
InstallProtocolInterface: 30CFE3E7-3DE1-4586-BE20-DEABA1B3B793 0
OnRootBridgesConnected: root bridges have been connected, installing ACPI tables
Select Item: 0x19
Select Item: 0x29
Select Item: 0x19
Select Item: 0x28
Select Item: 0x19
Select Item: 0x22
Select Item: 0x19
Select Item: 0x23
InstallQemuFwCfgTables: installed 6 tables
PcRtc: Write 0x20 to CMOS location 0x32
AcpiS3ContextSave!
AcpiS3Context: AcpiFacsTable is 0xBFBDD000
AcpiS3Context: IdtrProfile is 0xBFB6C000
AcpiS3Context: S3NvsPageTableAddress is 0x       0
AcpiS3Context: S3DebugBufferAddress is 0xBFB62000
AcpiS3Context: BootScriptStackBase is 0xBFB63000
AcpiS3Context: BootScriptStackSize is 0x    8000
[Variable]END_OF_DXE is signaled
Initialize variable error flag (FF)
Select Item: 0x19
Select Item: 0x28
InstallProtocolInterface: 60FF8964-E906-41D0-AFED-F241E974E08E 0
InstallProtocolInterface: FA20568B-548B-4B2B-81EF-1BA08D4A3CEC 0
Select Item: 0x0
FW CFG Signature: 0x554D4551
Select Item: 0x1
FW CFG Revision: 0x3
QemuFwCfg interface (DMA) is supported.
Select Item: 0x19
Select Item: 0x28
Found LPC Bridge device
BdsPlatform.c+618: COM1 DevPath: PciRoot(0x0)/Pci(0x1,0x0)/Serial(0x0)/Uart(115200,8,N,1)/VenMsg(E0C14753-F9BE-11D2-9A0C-0090273FC14D)
BdsPlatform.c+650: COM2 DevPath: PciRoot(0x0)/Pci(0x1,0x0)/Serial(0x1)/Uart(115200,8,N,1)/VenMsg(E0C14753-F9BE-11D2-9A0C-0090273FC14D)
Found PCI display device
QemuVideo: QEMU Standard VGA detected
QemuVideo: Using mmio bar @ 0xC1010000
InstallProtocolInterface: 09576E91-6D3F-11D2-8E39-00A0C969723B BEA97918
QemuVideoBochsModeSetup: AvailableFbSize=0x1000000
Adding Mode 0 as Bochs Internal Mode 0: 640x480, 32-bit
Adding Mode 1 as Bochs Internal Mode 1: 800x480, 32-bit
Adding Mode 2 as Bochs Internal Mode 2: 800x600, 32-bit
Adding Mode 3 as Bochs Internal Mode 3: 832x624, 32-bit
Adding Mode 4 as Bochs Internal Mode 4: 960x640, 32-bit
Adding Mode 5 as Bochs Internal Mode 5: 1024x600, 32-bit
Adding Mode 6 as Bochs Internal Mode 6: 1024x768, 32-bit
Adding Mode 7 as Bochs Internal Mode 7: 1152x864, 32-bit
Adding Mode 8 as Bochs Internal Mode 8: 1152x870, 32-bit
Adding Mode 9 as Bochs Internal Mode 9: 1280x720, 32-bit
Adding Mode 10 as Bochs Internal Mode 10: 1280x760, 32-bit
Adding Mode 11 as Bochs Internal Mode 11: 1280x768, 32-bit
Adding Mode 12 as Bochs Internal Mode 12: 1280x800, 32-bit
Adding Mode 13 as Bochs Internal Mode 13: 1280x960, 32-bit
Adding Mode 14 as Bochs Internal Mode 14: 1280x1024, 32-bit
Adding Mode 15 as Bochs Internal Mode 15: 1360x768, 32-bit
Adding Mode 16 as Bochs Internal Mode 16: 1366x768, 32-bit
Adding Mode 17 as Bochs Internal Mode 17: 1400x1050, 32-bit
Adding Mode 18 as Bochs Internal Mode 18: 1440x900, 32-bit
Adding Mode 19 as Bochs Internal Mode 19: 1600x900, 32-bit
Adding Mode 20 as Bochs Internal Mode 20: 1600x1200, 32-bit
Adding Mode 21 as Bochs Internal Mode 21: 1680x1050, 32-bit
Adding Mode 22 as Bochs Internal Mode 22: 1920x1080, 32-bit
Adding Mode 23 as Bochs Internal Mode 23: 1920x1200, 32-bit
Adding Mode 24 as Bochs Internal Mode 24: 1920x1440, 32-bit
Adding Mode 25 as Bochs Internal Mode 25: 2000x2000, 32-bit
Adding Mode 26 as Bochs Internal Mode 26: 2048x1536, 32-bit
Adding Mode 27 as Bochs Internal Mode 27: 2048x2048, 32-bit
Adding Mode 28 as Bochs Internal Mode 28: 2560x1440, 32-bit
Adding Mode 29 as Bochs Internal Mode 29: 2560x1600, 32-bit
InitializeBochsGraphicsMode: 640x480 @ 32
PixelBlueGreenRedReserved8BitPerColor
FrameBufferBase: 0xC0000000, FrameBufferSize: 0x12C000
0: shl:0 shr:0 mask:FF0000
1: shl:0 shr:0 mask:FF00
2: shl:0 shr:0 mask:FF
Bytes per pixel: 4
0: shl:0 shr:0 mask:FF0000
1: shl:0 shr:0 mask:FF00
2: shl:0 shr:0 mask:FF
Bytes per pixel: 4
InstallProtocolInterface: 9042A9DE-23DC-4A38-96FB-7ADED080516A BF47E4B8
InstallVbeShim: VBE shim installed
PixelBlueGreenRedReserved8BitPerColor
PixelBlueGreenRedReserved8BitPerColor
PixelBlueGreenRedReserved8BitPerColor
PixelBlueGreenRedReserved8BitPerColor
PixelBlueGreenRedReserved8BitPerColor
PixelBlueGreenRedReserved8BitPerColor
PixelBlueGreenRedReserved8BitPerColor
PixelBlueGreenRedReserved8BitPerColor
PixelBlueGreenRedReserved8BitPerColor
PixelBlueGreenRedReserved8BitPerColor
PixelBlueGreenRedReserved8BitPerColor
PixelBlueGreenRedReserved8BitPerColor
PixelBlueGreenRedReserved8BitPerColor
PixelBlueGreenRedReserved8BitPerColor
PixelBlueGreenRedReserved8BitPerColor
PixelBlueGreenRedReserved8BitPerColor
PixelBlueGreenRedReserved8BitPerColor
PixelBlueGreenRedReserved8BitPerColor
PixelBlueGreenRedReserved8BitPerColor
PixelBlueGreenRedReserved8BitPerColor
PixelBlueGreenRedReserved8BitPerColor
PixelBlueGreenRedReserved8BitPerColor
PixelBlueGreenRedReserved8BitPerColor
PixelBlueGreenRedReserved8BitPerColor
PixelBlueGreenRedReserved8BitPerColor
PixelBlueGreenRedReserved8BitPerColor
PixelBlueGreenRedReserved8BitPerColor
PixelBlueGreenRedReserved8BitPerColor
PixelBlueGreenRedReserved8BitPerColor
PixelBlueGreenRedReserved8BitPerColor
Select Item: 0xE
[Bds]RegisterKeyNotify: 000C/0000 80000000/00 Success
[Bds]RegisterKeyNotify: 0017/0000 80000000/00 Success
[Bds]RegisterKeyNotify: 0000/000D 80000000/00 Success
InstallProtocolInterface: 864E1CA8-85EB-4D63-9DCC-6E0FC90FFD55 BEA99C98
InstallProtocolInterface: 09576E91-6D3F-11D2-8E39-00A0C969723B BEA98F18
InstallProtocolInterface: 215FDD18-BD50-4FEB-890B-58CA0B4739E9 BEA99C38
InstallProtocolInterface: 09576E91-6D3F-11D2-8E39-00A0C969723B BEE64298
InstallProtocolInterface: 215FDD18-BD50-4FEB-890B-58CA0B4739E9 BEE643B8
InstallProtocolInterface: 09576E91-6D3F-11D2-8E39-00A0C969723B BEA96698
InstallProtocolInterface: 215FDD18-BD50-4FEB-890B-58CA0B4739E9 BEA96938
ClockRate = 1843200
Divisor   = 1
BaudRate/Actual (115200/115200) = 100%
ClockRate = 1843200
Divisor   = 1
BaudRate/Actual (115200/115200) = 100%
InstallProtocolInterface: 09576E91-6D3F-11D2-8E39-00A0C969723B BEA98A18
InstallProtocolInterface: BB25CF6F-F1D4-11D2-9A0C-0090273FC1FD BEA964A8
PciSioSerial: Create SIO child serial device - Success
ClockRate = 1843200
Divisor   = 1
BaudRate/Actual (115200/115200) = 100%
Terminal - Mode 0, Column = 80, Row = 25
Terminal - Mode 1, Column = 80, Row = 50
Terminal - Mode 2, Column = 100, Row = 31
ClockRate = 1843200
Divisor   = 1
BaudRate/Actual (115200/115200) = 100%
InstallProtocolInterface: 387477C1-69C7-11D2-8E39-00A0C969723B BEA95D40
InstallProtocolInterface: DD9E7534-7762-4698-8C14-F58517A625AA BEA95E28
InstallProtocolInterface: 387477C2-69C7-11D2-8E39-00A0C969723B BEA95D58
InstallProtocolInterface: 09576E91-6D3F-11D2-8E39-00A0C969723B BEA95F18
InstallProtocolInterface: D3B36F2B-D551-11D4-9A46-0090273FC14D 0
InstallProtocolInterface: D3B36F2C-D551-11D4-9A46-0090273FC14D 0
InstallProtocolInterface: D3B36F2D-D551-11D4-9A46-0090273FC14D 0
ClockRate = 1843200
Divisor   = 1
BaudRate/Actual (115200/115200) = 100%
PciSioSerial: Create SIO child serial device - Device Error
PixelBlueGreenRedReserved8BitPerColor
PixelBlueGreenRedReserved8BitPerColor
PixelBlueGreenRedReserved8BitPerColor
InitializeBochsGraphicsMode: 800x600 @ 32
PixelBlueGreenRedReserved8BitPerColor
FrameBufferBase: 0xC0000000, FrameBufferSize: 0x1D5000
0: shl:0 shr:0 mask:FF0000
1: shl:0 shr:0 mask:FF00
2: shl:0 shr:0 mask:FF
Bytes per pixel: 4
0: shl:0 shr:0 mask:FF0000
1: shl:0 shr:0 mask:FF00
2: shl:0 shr:0 mask:FF
Bytes per pixel: 4
GraphicsConsole video resolution 800 x 600
Graphics - Mode 0, Column = 80, Row = 25
Graphics - Mode 1, Column = 0, Row = 0
Graphics - Mode 2, Column = 100, Row = 31
Graphics Console Started, Mode: 0
InstallProtocolInterface: 387477C2-69C7-11D2-8E39-00A0C969723B BEA920B0
InstallProtocolInterface: D3B36F2C-D551-11D4-9A46-0090273FC14D 0
PixelBlueGreenRedReserved8BitPerColor
PixelBlueGreenRedReserved8BitPerColor
PixelBlueGreenRedReserved8BitPerColor
PixelBlueGreenRedReserved8BitPerColor
PixelBlueGreenRedReserved8BitPerColor
PixelBlueGreenRedReserved8BitPerColor
PixelBlueGreenRedReserved8BitPerColor
PixelBlueGreenRedReserved8BitPerColor
PixelBlueGreenRedReserved8BitPerColor
PixelBlueGreenRedReserved8BitPerColor
PixelBlueGreenRedReserved8BitPerColor
PixelBlueGreenRedReserved8BitPerColor
PixelBlueGreenRedReserved8BitPerColor
PixelBlueGreenRedReserved8BitPerColor
PixelBlueGreenRedReserved8BitPerColor
PixelBlueGreenRedReserved8BitPerColor
PixelBlueGreenRedReserved8BitPerColor
PixelBlueGreenRedReserved8BitPerColor
PixelBlueGreenRedReserved8BitPerColor
PixelBlueGreenRedReserved8BitPerColor
PixelBlueGreenRedReserved8BitPerColor
PixelBlueGreenRedReserved8BitPerColor
PixelBlueGreenRedReserved8BitPerColor
PixelBlueGreenRedReserved8BitPerColor
PixelBlueGreenRedReserved8BitPerColor
PixelBlueGreenRedReserved8BitPerColor
PixelBlueGreenRedReserved8BitPerColor
PixelBlueGreenRedReserved8BitPerColor
PixelBlueGreenRedReserved8BitPerColor
PixelBlueGreenRedReserved8BitPerColor
InstallProtocolInterface: 9042A9DE-23DC-4A38-96FB-7ADED080516A BEB6DF60
InstallProtocolInterface: 387477C1-69C7-11D2-8E39-00A0C969723B BEA2C028
InstallProtocolInterface: DD9E7534-7762-4698-8C14-F58517A625AA BEA2C040
InstallProtocolInterface: D3B36F2B-D551-11D4-9A46-0090273FC14D 0
ClockRate = 1843200
Divisor   = 1
BaudRate/Actual (115200/115200) = 100%
PciSioSerial: Create SIO child serial device - Device Error
ClockRate = 1843200
Divisor   = 1
BaudRate/Actual (115200/115200) = 100%
PciSioSerial: Create SIO child serial device - Device Error
PlatformBootManagerAfterConsole
PlatformBdsPolicyBehavior: not restoring NvVars from disk since flash variables appear to be supported.
Boot Mode:0
PlatformBdsConnectSequence
Select Item: 0x19
EfiBootManagerConnectAll
ClockRate = 1843200
Divisor   = 1
BaudRate/Actual (115200/115200) = 100%
PciSioSerial: Create SIO child serial device - Device Error
SataControllerStart START
InstallProtocolInterface: A1E37052-80D9-4E65-A317-3E9A55C43EC9 BEA2B820
SataControllerStart END status = Success
==AtaAtapiPassThru Start== Controller = BEA9CD98
[primary  ] channel [master] [harddisk] device
Enabled S.M.A.R.T feature at [primary] channel [master] device!
CalculateBestPioMode: AdvancedPioMode = 3
IdeInitCalculateMode: PioMode = 4
CalculateBestUdmaMode: DeviceUDmaMode = 203F
IdeInitCalculateMode: UdmaMode = 5
[secondary] channel [master] [cdrom   ] device
CalculateBestPioMode: AdvancedPioMode = 3
IdeInitCalculateMode: PioMode = 3
CalculateBestUdmaMode: DeviceUDmaMode = 203F
IdeInitCalculateMode: UdmaMode = 5
InstallProtocolInterface: 1D3DE7F0-0807-424F-AA69-11A54E19A46F BEA2E6C0
InstallProtocolInterface: 143B7632-B81B-4CB7-ABD3-B625A5B9BFFE BEA2E710
InstallProtocolInterface: 19DF145A-B1D4-453F-8507-38816676D7F6 BE9BEE18
AtaBus - Identify Device: Port 0 PortMultiplierPort 0
InstallProtocolInterface: 09576E91-6D3F-11D2-8E39-00A0C969723B BE9BE998
InstallProtocolInterface: 964E5B21-6459-11D2-8E39-00A0C969723B BE9BE328
InstallProtocolInterface: A77B2472-E282-4E9F-A245-C2C0E27BBCC1 BE9BE358
InstallProtocolInterface: D432A67F-14DC-484B-B3BB-3F0291849327 BE9BE3B0
Found TCG support in Port 0 PortMultiplierPort 0
InstallProtocolInterface: C88B0B6D-0DFC-49A7-9CB4-49074B4C3A78 BE9BE3E8
Successfully Install Storage Security Protocol on the ATA device
InstallProtocolInterface: 0167CCC4-D0F7-4F21-A3EF-9E64B7CDCE8B BE9BBCA0
InstallProtocolInterface: 09576E91-6D3F-11D2-8E39-00A0C969723B BE9BB798
InstallProtocolInterface: 932F47E6-2362-4002-803E-3CD54B138F85 BE9BB828
InstallProtocolInterface: 964E5B21-6459-11D2-8E39-00A0C969723B BE9BA038
InstallProtocolInterface: A77B2472-E282-4E9F-A245-C2C0E27BBCC1 BE9BA068
InstallProtocolInterface: D432A67F-14DC-484B-B3BB-3F0291849327 BE9BA160
InstallProtocolInterface: CE345171-BA0B-11D2-8E4F-00A0C969723B BE9BAC20
InstallProtocolInterface: 151C8EAE-7F2C-472C-9E54-9828194F6A88 BE9BAC38
 BlockSize : 2048 
 LastBlock : 0 
FatOpenDevice: read of part_lba failed No Media
InstallProtocolInterface: CE345171-BA0B-11D2-8E4F-00A0C969723B BE9BB2A0
InstallProtocolInterface: 151C8EAE-7F2C-472C-9E54-9828194F6A88 BE9BB2B8
 BlockSize : 512 
 LastBlock : 18FFF 
InstallProtocolInterface: 964E5B22-6459-11D2-8E39-00A0C969723B BE9B8030
Installed Fat filesystem on BE9BE898
ClockRate = 1843200
Divisor   = 1
BaudRate/Actual (115200/115200) = 100%
PciSioSerial: Create SIO child serial device - Device Error
SataControllerStart START
SataControllerStart error return status = Already started
 BlockSize : 2048 
 LastBlock : 0 
FatOpenDevice: read of part_lba failed No Media
ClockRate = 1843200
Divisor   = 1
BaudRate/Actual (115200/115200) = 100%
PciSioSerial: Create SIO child serial device - Device Error
Select Item: 0x19
[Bds]OsIndication: 0000000000000000
[Bds]=============Begin Load Options Dumping ...=============
  Driver Options:
  SysPrep Options:
  Boot Options:
    Boot0000: UiApp 		 0x0109
    Boot0001: UEFI QEMU DVD-ROM QM00003  		 0x0001
    Boot0002: UEFI QEMU HARDDISK QM00001  		 0x0001
    Boot0003: EFI Internal Shell 		 0x0001
  PlatformRecovery Options:
    PlatformRecovery0000: Default PlatformRecovery 		 0x0001
[Bds]=============End Load Options Dumping=============
[Bds]BdsWait ...Zzzzzzzzzzzz...
[Bds]Exit the waiting!
[Bds]Stop Hotkey Service!
[Bds]UnregisterKeyNotify: 000C/0000 Success
[Bds]UnregisterKeyNotify: 0017/0000 Success
[Bds]UnregisterKeyNotify: 0000/000D Success
Memory  Previous  Current    Next   
 Type    Pages     Pages     Pages  
======  ========  ========  ========
  0A    00000080  00000022  00000080
  09    00000010  00000009  00000010
  00    00000080  00000022  00000080
  05    00000100  000000A9  00000100
  06    00000100  0000015A  000001B0
Memory Type Information settings change.
[Bds]Booting UEFI QEMU DVD-ROM QM00003 
FatOpenDevice: read of part_lba failed No Media
 BlockSize : 2048 
 LastBlock : 0 
FatOpenDevice: read of part_lba failed No Media
[Bds] Expand PciRoot(0x0)/Pci(0x1,0x1)/Ata(Secondary,Master,0x0) -> <null string>
Memory  Previous  Current    Next   
 Type    Pages     Pages     Pages  
======  ========  ========  ========
  0A    00000080  00000022  00000080
  09    00000010  00000009  00000010
  00    00000080  00000022  00000080
  05    00000100  000000A9  00000100
  06    00000100  0000015A  000001B0
Memory Type Information settings change.
[Bds]Booting UEFI QEMU HARDDISK QM00001 
[Bds] Expand PciRoot(0x0)/Pci(0x1,0x1)/Ata(Primary,Master,0x0) -> <null string>
Memory  Previous  Current    Next   
 Type    Pages     Pages     Pages  
======  ========  ========  ========
  0A    00000080  00000022  00000080
  09    00000010  00000009  00000010
  00    00000080  00000022  00000080
  05    00000100  000000A9  00000100
  06    00000100  0000015A  000001B0
Memory Type Information settings change.
[Bds]Booting EFI Internal Shell
[Bds] Expand Fv(7CB8BDC9-F8EB-4F34-AAEA-3EE4AF6516A1)/FvFile(7C04A583-9E3E-4F1C-AD65-E05268D0B4D1) -> Fv(7CB8BDC9-F8EB-4F34-AAEA-3EE4AF6516A1)/FvFile(7C04A583-9E3E-4F1C-AD65-E05268D0B4D1)
InstallProtocolInterface: 5B1B31A1-9562-11D2-8E3F-00A0C969723B BE9B2940
Loading driver at 0x000BE255000 EntryPoint=0x000BE29BC78 Shell.efi
InstallProtocolInterface: BC62157E-3E33-4FEC-9920-2D3B36D750DF BEA94B18
ProtectUefiImageCommon - 0xBE9B2940
  - 0x00000000BE255000 - 0x00000000000E0480
InstallProtocolInterface: 387477C2-69C7-11D2-8E39-00A0C969723B BE413C20
InstallProtocolInterface: 752F3136-4E16-4FDC-A22A-E5F46812F4CA BE416F98
InstallProtocolInterface: 6302D008-7F9B-4F30-87AC-60C9FEF5DA4E BE330BE0
FSOpen: Open '\startup.nsh' Success
FSOpen: Open '\startup.nsh' Success
FSOpen: Open '\startup.nsh' Success
FSOpen: Open '\' Success
FSOpen: Open '\run.efi' Success
FSOpen: Open '\run.efi' Success
FSOpen: Open '\run.efi' Success
FSOpen: Open '\run.efi' Success
[Security] 3rd party image[0] can be loaded after EndOfDxe: PciRoot(0x0)/Pci(0x1,0x1)/Ata(Primary,Master,0x0)/\run.efi.
InstallProtocolInterface: 5B1B31A1-9562-11D2-8E3F-00A0C969723B BE3C3040
Loading driver at 0x000BE381000 EntryPoint=0x000BE384000 
InstallProtocolInterface: BC62157E-3E33-4FEC-9920-2D3B36D750DF BE403398
ProtectUefiImageCommon - 0xBE3C3040
  - 0x00000000BE381000 - 0x000000000000F000
InstallProtocolInterface: 752F3136-4E16-4FDC-A22A-E5F46812F4CA BFEA45A8
Error: Image at 000BE381000 start failed: Not Found
FSOpen: Open '\' Success
FSOpen: Open '\' Success
FSOpen: Open '\' Success
FSOpen: Open '\' Success
Image Return Status = Success
[Bds] Booting Boot Manager Menu.
[Bds]Stop Hotkey Service!
Memory  Previous  Current    Next   
 Type    Pages     Pages     Pages  
======  ========  ========  ========
  0A    00000080  00000022  00000080
  09    00000010  00000009  00000010
  00    00000080  00000022  00000080
  05    00000100  000000A9  00000100
  06    00000100  0000015A  000001B0
Memory Type Information settings change.
[Bds]Booting UiApp
[Bds] Expand Fv(7CB8BDC9-F8EB-4F34-AAEA-3EE4AF6516A1)/FvFile(462CAA21-7614-4503-836E-8AB6F4662331) -> Fv(7CB8BDC9-F8EB-4F34-AAEA-3EE4AF6516A1)/FvFile(462CAA21-7614-4503-836E-8AB6F4662331)
InstallProtocolInterface: 5B1B31A1-9562-11D2-8E3F-00A0C969723B BE9B2940
Loading driver at 0x000BE3CB000 EntryPoint=0x000BE3D5567 UiApp.efi
InstallProtocolInterface: BC62157E-3E33-4FEC-9920-2D3B36D750DF BE9B2F98
ProtectUefiImageCommon - 0xBE9B2940
  - 0x00000000BE3CB000 - 0x0000000000023A80
InstallProtocolInterface: 09576E91-6D3F-11D2-8E39-00A0C969723B BEA97498
InstallProtocolInterface: 330D4706-F2A0-4E4F-A369-B66FA8D54385 BE3EE2D8
InstallProtocolInterface: 09576E91-6D3F-11D2-8E39-00A0C969723B BE3EC2D0
InstallProtocolInterface: 330D4706-F2A0-4E4F-A369-B66FA8D54385 BE3EC358
ClockRate = 1843200
Divisor   = 1
BaudRate/Actual (115200/115200) = 100%
PciSioSerial: Create SIO child serial device - Device Error
SataControllerStart START
SataControllerStart error return status = Already started
 BlockSize : 2048 
 LastBlock : 0 
FatOpenDevice: read of part_lba failed No Media
ClockRate = 1843200
Divisor   = 1
BaudRate/Actual (115200/115200) = 100%
PciSioSerial: Create SIO child serial device - Device Error
SataControllerStart START
SataControllerStart error return status = Already started
 BlockSize : 2048 
 LastBlock : 0 
FatOpenDevice: read of part_lba failed No Media
ClockRate = 1843200
Divisor   = 1
BaudRate/Actual (115200/115200) = 100%
PciSioSerial: Create SIO child serial device - Device Error
 BlockSize : 2048 
 LastBlock : 0 
FatOpenDevice: read of part_lba failed No Media
InstallProtocolInterface: 09576E91-6D3F-11D2-8E39-00A0C969723B BE3EC2B0
InstallProtocolInterface: 330D4706-F2A0-4E4F-A369-B66FA8D54385 BE3EC3F8
InstallProtocolInterface: 09576E91-6D3F-11D2-8E39-00A0C969723B BE3EC290
InstallProtocolInterface: 330D4706-F2A0-4E4F-A369-B66FA8D54385 BE3EC4B8
PixelBlueGreenRedReserved8BitPerColor
PixelBlueGreenRedReserved8BitPerColor
InitializeBochsGraphicsMode: 640x480 @ 32
PixelBlueGreenRedReserved8BitPerColor
FrameBufferBase: 0xC0000000, FrameBufferSize: 0x12C000
0: shl:0 shr:0 mask:FF0000
1: shl:0 shr:0 mask:FF00
2: shl:0 shr:0 mask:FF
Bytes per pixel: 4
InstallProtocolInterface: D3B36F2B-D551-11D4-9A46-0090273FC14D 0
InstallProtocolInterface: D3B36F2C-D551-11D4-9A46-0090273FC14D 0
InstallProtocolInterface: D3B36F2D-D551-11D4-9A46-0090273FC14D 0
PixelBlueGreenRedReserved8BitPerColor
GraphicsConsole video resolution 640 x 480
Graphics - Mode 0, Column = 80, Row = 25
Graphics - Mode 1, Column = 0, Row = 0
Graphics Console Started, Mode: 0
InstallProtocolInterface: 387477C2-69C7-11D2-8E39-00A0C969723B BEA920B0
InstallProtocolInterface: D3B36F2C-D551-11D4-9A46-0090273FC14D 0
PixelBlueGreenRedReserved8BitPerColor
PixelBlueGreenRedReserved8BitPerColor
PixelBlueGreenRedReserved8BitPerColor
PixelBlueGreenRedReserved8BitPerColor
PixelBlueGreenRedReserved8BitPerColor
PixelBlueGreenRedReserved8BitPerColor
PixelBlueGreenRedReserved8BitPerColor
PixelBlueGreenRedReserved8BitPerColor
PixelBlueGreenRedReserved8BitPerColor
PixelBlueGreenRedReserved8BitPerColor
PixelBlueGreenRedReserved8BitPerColor
PixelBlueGreenRedReserved8BitPerColor
PixelBlueGreenRedReserved8BitPerColor
PixelBlueGreenRedReserved8BitPerColor
PixelBlueGreenRedReserved8BitPerColor
PixelBlueGreenRedReserved8BitPerColor
PixelBlueGreenRedReserved8BitPerColor
PixelBlueGreenRedReserved8BitPerColor
PixelBlueGreenRedReserved8BitPerColor
PixelBlueGreenRedReserved8BitPerColor
PixelBlueGreenRedReserved8BitPerColor
PixelBlueGreenRedReserved8BitPerColor
PixelBlueGreenRedReserved8BitPerColor
PixelBlueGreenRedReserved8BitPerColor
PixelBlueGreenRedReserved8BitPerColor
PixelBlueGreenRedReserved8BitPerColor
PixelBlueGreenRedReserved8BitPerColor
PixelBlueGreenRedReserved8BitPerColor
PixelBlueGreenRedReserved8BitPerColor
PixelBlueGreenRedReserved8BitPerColor
InstallProtocolInterface: 9042A9DE-23DC-4A38-96FB-7ADED080516A BEB6DF60
ClockRate = 1843200
Divisor   = 1
BaudRate/Actual (115200/115200) = 100%
PciSioSerial: Create SIO child serial device - Device Error
SataControllerStart START
SataControllerStart error return status = Already started
 BlockSize : 2048 
 LastBlock : 0 
FatOpenDevice: read of part_lba failed No Media
ClockRate = 1843200
Divisor   = 1
BaudRate/Actual (115200/115200) = 100%
PciSioSerial: Create SIO child serial device - Device Error
SataControllerStart START
SataControllerStart error return status = Already started
 BlockSize : 2048 
 LastBlock : 0 
FatOpenDevice: read of part_lba failed No Media
ClockRate = 1843200
Divisor   = 1
BaudRate/Actual (115200/115200) = 100%
PciSioSerial: Create SIO child serial device - Device Error
 BlockSize : 2048 
 LastBlock : 0 
FatOpenDevice: read of part_lba failed No Media
InstallProtocolInterface: 09576E91-6D3F-11D2-8E39-00A0C969723B BE3EC220
InstallProtocolInterface: 330D4706-F2A0-4E4F-A369-B66FA8D54385 BE3EC260
InstallProtocolInterface: 348C4D62-BFBD-4882-9ECE-C80BB1C4783B 0
InstallProtocolInterface: 348C4D62-BFBD-4882-9ECE-C80BB1C4783B 0
InstallProtocolInterface: 348C4D62-BFBD-4882-9ECE-C80BB1C4783B 0
InstallProtocolInterface: 348C4D62-BFBD-4882-9ECE-C80BB1C4783B 0
InstallProtocolInterface: 348C4D62-BFBD-4882-9ECE-C80BB1C4783B 0
InstallProtocolInterface: 348C4D62-BFBD-4882-9ECE-C80BB1C4783B 0
InstallProtocolInterface: 348C4D62-BFBD-4882-9ECE-C80BB1C4783B 0
InstallProtocolInterface: 348C4D62-BFBD-4882-9ECE-C80BB1C4783B 0
